[12397428ms] [LOG] [vite] server connection lost. Polling for restart... @ http://localhost:5174/@vite/client:559
[12397451ms] [ERROR] Failed to load resource: net::ERR_CONNECTION_REFUSED @ http://localhost:5174/:0
[12398467ms] [ERROR] Failed to load resource: net::ERR_CONNECTION_REFUSED @ http://localhost:5174/:0
[12399471ms] [ERROR] Failed to load resource: net::ERR_CONNECTION_REFUSED @ http://localhost:5174/:0
[12400515ms] [ERROR] Failed to load resource: net::ERR_CONNECTION_REFUSED @ http://localhost:5174/:0
[12401555ms] [ERROR] Failed to load resource: net::ERR_CONNECTION_REFUSED @ http://localhost:5174/:0
[12402612ms] [ERROR] Failed to load resource: net::ERR_CONNECTION_REFUSED @ http://localhost:5174/:0
[12403676ms] [ERROR] Failed to load resource: net::ERR_CONNECTION_REFUSED @ http://localhost:5174/:0
[12404701ms] [ERROR] Failed to load resource: net::ERR_CONNECTION_REFUSED @ http://localhost:5174/:0
[12405719ms] [ERROR] Failed to load resource: net::ERR_CONNECTION_REFUSED @ http://localhost:5174/:0
[12406737ms] [ERROR] Failed to load resource: net::ERR_CONNECTION_REFUSED @ http://localhost:5174/:0
[12407751ms] [ERROR] Failed to load resource: net::ERR_CONNECTION_REFUSED @ http://localhost:5174/:0
[12408754ms] [ERROR] Failed to load resource: net::ERR_CONNECTION_REFUSED @ http://localhost:5174/:0
[12409787ms] [ERROR] Failed to load resource: net::ERR_CONNECTION_REFUSED @ http://localhost:5174/:0
[12410821ms] [ERROR] Failed to load resource: net::ERR_CONNECTION_REFUSED @ http://localhost:5174/:0
[12411833ms] [ERROR] Failed to load resource: net::ERR_CONNECTION_REFUSED @ http://localhost:5174/:0
[12412851ms] [ERROR] Failed to load resource: net::ERR_CONNECTION_REFUSED @ http://localhost:5174/:0
[12413868ms] [ERROR] Failed to load resource: net::ERR_CONNECTION_REFUSED @ http://localhost:5174/:0
[12414890ms] [ERROR] Failed to load resource: net::ERR_CONNECTION_REFUSED @ http://localhost:5174/:0
[12415903ms] [ERROR] Failed to load resource: net::ERR_CONNECTION_REFUSED @ http://localhost:5174/:0
[12416913ms] [ERROR] Failed to load resource: net::ERR_CONNECTION_REFUSED @ http://localhost:5174/:0
[12417914ms] [ERROR] Failed to load resource: net::ERR_CONNECTION_REFUSED @ http://localhost:5174/:0
[12418917ms] [ERROR] Failed to load resource: net::ERR_CONNECTION_REFUSED @ http://localhost:5174/:0
[12419957ms] [ERROR] Failed to load resource: net::ERR_CONNECTION_REFUSED @ http://localhost:5174/:0
[12420983ms] [ERROR] Failed to load resource: net::ERR_CONNECTION_REFUSED @ http://localhost:5174/:0
[12422021ms] [ERROR] Failed to load resource: net::ERR_CONNECTION_REFUSED @ http://localhost:5174/:0
[12423088ms] [ERROR] Failed to load resource: net::ERR_CONNECTION_REFUSED @ http://localhost:5174/:0
[12424184ms] [ERROR] Failed to load resource: net::ERR_CONNECTION_REFUSED @ http://localhost:5174/:0
[12425224ms] [ERROR] Failed to load resource: net::ERR_CONNECTION_REFUSED @ http://localhost:5174/:0
[12426253ms] [ERROR] Failed to load resource: net::ERR_CONNECTION_REFUSED @ http://localhost:5174/:0
[12427267ms] [ERROR] Failed to load resource: net::ERR_CONNECTION_REFUSED @ http://localhost:5174/:0
[12428281ms] [ERROR] Failed to load resource: net::ERR_CONNECTION_REFUSED @ http://localhost:5174/:0
[12429351ms] [ERROR] Failed to load resource: net::ERR_CONNECTION_REFUSED @ http://localhost:5174/:0
[12430354ms] [ERROR] Failed to load resource: net::ERR_CONNECTION_REFUSED @ http://localhost:5174/:0
[12431360ms] [ERROR] Failed to load resource: net::ERR_CONNECTION_REFUSED @ http://localhost:5174/:0
[12432363ms] [ERROR] Failed to load resource: net::ERR_CONNECTION_REFUSED @ http://localhost:5174/:0
[12433366ms] [ERROR] Failed to load resource: net::ERR_CONNECTION_REFUSED @ http://localhost:5174/:0
[12434368ms] [ERROR] Failed to load resource: net::ERR_CONNECTION_REFUSED @ http://localhost:5174/:0
[12435371ms] [ERROR] Failed to load resource: net::ERR_CONNECTION_REFUSED @ http://localhost:5174/:0
[12436380ms] [ERROR] Failed to load resource: net::ERR_CONNECTION_REFUSED @ http://localhost:5174/:0
[12437383ms] [ERROR] Failed to load resource: net::ERR_CONNECTION_REFUSED @ http://localhost:5174/:0
[12438385ms] [ERROR] Failed to load resource: net::ERR_CONNECTION_REFUSED @ http://localhost:5174/:0
[12439388ms] [ERROR] Failed to load resource: net::ERR_CONNECTION_REFUSED @ http://localhost:5174/:0
[12440396ms] [ERROR] Failed to load resource: net::ERR_CONNECTION_REFUSED @ http://localhost:5174/:0
[12441399ms] [ERROR] Failed to load resource: net::ERR_CONNECTION_REFUSED @ http://localhost:5174/:0
[12442401ms] [ERROR] Failed to load resource: net::ERR_CONNECTION_REFUSED @ http://localhost:5174/:0
[12443403ms] [ERROR] Failed to load resource: net::ERR_CONNECTION_REFUSED @ http://localhost:5174/:0
[12444413ms] [ERROR] Failed to load resource: net::ERR_CONNECTION_REFUSED @ http://localhost:5174/:0
[12445420ms] [ERROR] Failed to load resource: net::ERR_CONNECTION_REFUSED @ http://localhost:5174/:0
[12446427ms] [ERROR] Failed to load resource: net::ERR_CONNECTION_REFUSED @ http://localhost:5174/:0
[12447429ms] [ERROR] Failed to load resource: net::ERR_CONNECTION_REFUSED @ http://localhost:5174/:0
[12448431ms] [ERROR] Failed to load resource: net::ERR_CONNECTION_REFUSED @ http://localhost:5174/:0
[12449433ms] [ERROR] Failed to load resource: net::ERR_CONNECTION_REFUSED @ http://localhost:5174/:0
[12450435ms] [ERROR] Failed to load resource: net::ERR_CONNECTION_REFUSED @ http://localhost:5174/:0
[12451445ms] [ERROR] Failed to load resource: net::ERR_CONNECTION_REFUSED @ http://localhost:5174/:0
[12452447ms] [ERROR] Failed to load resource: net::ERR_CONNECTION_REFUSED @ http://localhost:5174/:0
[12453449ms] [ERROR] Failed to load resource: net::ERR_CONNECTION_REFUSED @ http://localhost:5174/:0
[12454451ms] [ERROR] Failed to load resource: net::ERR_CONNECTION_REFUSED @ http://localhost:5174/:0
[12455454ms] [ERROR] Failed to load resource: net::ERR_CONNECTION_REFUSED @ http://localhost:5174/:0
[12456462ms] [ERROR] Failed to load resource: net::ERR_CONNECTION_REFUSED @ http://localhost:5174/:0
[12457463ms] [ERROR] Failed to load resource: net::ERR_CONNECTION_REFUSED @ http://localhost:5174/:0
[12458467ms] [ERROR] Failed to load resource: net::ERR_CONNECTION_REFUSED @ http://localhost:5174/:0
[12459469ms] [ERROR] Failed to load resource: net::ERR_CONNECTION_REFUSED @ http://localhost:5174/:0
[12460472ms] [ERROR] Failed to load resource: net::ERR_CONNECTION_REFUSED @ http://localhost:5174/:0
[12461479ms] [ERROR] Failed to load resource: net::ERR_CONNECTION_REFUSED @ http://localhost:5174/:0
[12462481ms] [ERROR] Failed to load resource: net::ERR_CONNECTION_REFUSED @ http://localhost:5174/:0
[12463483ms] [ERROR] Failed to load resource: net::ERR_CONNECTION_REFUSED @ http://localhost:5174/:0
[12464485ms] [ERROR] Failed to load resource: net::ERR_CONNECTION_REFUSED @ http://localhost:5174/:0
[12465487ms] [ERROR] Failed to load resource: net::ERR_CONNECTION_REFUSED @ http://localhost:5174/:0
[12466496ms] [ERROR] Failed to load resource: net::ERR_CONNECTION_REFUSED @ http://localhost:5174/:0
[12467498ms] [ERROR] Failed to load resource: net::ERR_CONNECTION_REFUSED @ http://localhost:5174/:0
[12468501ms] [ERROR] Failed to load resource: net::ERR_CONNECTION_REFUSED @ http://localhost:5174/:0
[12469503ms] [ERROR] Failed to load resource: net::ERR_CONNECTION_REFUSED @ http://localhost:5174/:0
[12470510ms] [ERROR] Failed to load resource: net::ERR_CONNECTION_REFUSED @ http://localhost:5174/:0
[12471517ms] [ERROR] Failed to load resource: net::ERR_CONNECTION_REFUSED @ http://localhost:5174/:0
[12472520ms] [ERROR] Failed to load resource: net::ERR_CONNECTION_REFUSED @ http://localhost:5174/:0
[12473527ms] [ERROR] Failed to load resource: net::ERR_CONNECTION_REFUSED @ http://localhost:5174/:0
[12474531ms] [ERROR] Failed to load resource: net::ERR_CONNECTION_REFUSED @ http://localhost:5174/:0
[12475535ms] [ERROR] Failed to load resource: net::ERR_CONNECTION_REFUSED @ http://localhost:5174/:0
[12476537ms] [ERROR] Failed to load resource: net::ERR_CONNECTION_REFUSED @ http://localhost:5174/:0
[12477541ms] [ERROR] Failed to load resource: net::ERR_CONNECTION_REFUSED @ http://localhost:5174/:0
[12478544ms] [ERROR] Failed to load resource: net::ERR_CONNECTION_REFUSED @ http://localhost:5174/:0
[12479547ms] [ERROR] Failed to load resource: net::ERR_CONNECTION_REFUSED @ http://localhost:5174/:0
[12497875ms] [INFO] %cDownload the React DevTools for a better development experience: https://reactjs.org/link/react-devtools font-weight:bold @ http://localhost:5174/node_modules/.vite/deps/chunk-FAA7VF3V.js?v=d3bf0389:21091
[12497965ms] [WARNING] ⚠️ React Router Future Flag Warning: React Router will begin wrapping state updates in `React.startTransition` in v7. You can use the `v7_startTransition` future flag to opt-in early. For more information, see https://reactrouter.com/v6/upgrading/future#v7_starttransition. @ http://localhost:5174/node_modules/.vite/deps/react-router-dom.js?v=d3bf0389:4427
[12497965ms] [WARNING] ⚠️ React Router Future Flag Warning: Relative route resolution within Splat routes is changing in v7. You can use the `v7_relativeSplatPath` future flag to opt-in early. For more information, see https://reactrouter.com/v6/upgrading/future#v7_relativesplatpath. @ http://localhost:5174/node_modules/.vite/deps/react-router-dom.js?v=d3bf0389:4427
[12502077ms] [INFO] %cDownload the React DevTools for a better development experience: https://reactjs.org/link/react-devtools font-weight:bold @ http://localhost:5174/node_modules/.vite/deps/chunk-FAA7VF3V.js?v=d3bf0389:21091
[12502124ms] [WARNING] ⚠️ React Router Future Flag Warning: React Router will begin wrapping state updates in `React.startTransition` in v7. You can use the `v7_startTransition` future flag to opt-in early. For more information, see https://reactrouter.com/v6/upgrading/future#v7_starttransition. @ http://localhost:5174/node_modules/.vite/deps/react-router-dom.js?v=d3bf0389:4427
[12502124ms] [WARNING] ⚠️ React Router Future Flag Warning: Relative route resolution within Splat routes is changing in v7. You can use the `v7_relativeSplatPath` future flag to opt-in early. For more information, see https://reactrouter.com/v6/upgrading/future#v7_relativesplatpath. @ http://localhost:5174/node_modules/.vite/deps/react-router-dom.js?v=d3bf0389:4427
[12644745ms] [ERROR] Failed to load resource: the server responded with a status of 500 (Internal Server Error) @ http://localhost:5174/src/pages/Landing.tsx?t=1784340884189:0
[12644745ms] [ERROR] [hmr] Failed to reload /src/pages/Landing.tsx. This could be due to syntax errors or importing non-existent modules. (see errors above) @ http://localhost:5174/node_modules/.vite/deps/react-konva.js?v=d3bf0389:27191
[12708061ms] [ERROR] Failed to load resource: the server responded with a status of 500 (Internal Server Error) @ http://localhost:5174/src/pages/Landing.tsx?t=1784340947506:0
[12708062ms] [ERROR] [hmr] Failed to reload /src/pages/Landing.tsx. This could be due to syntax errors or importing non-existent modules. (see errors above) @ http://localhost:5174/node_modules/.vite/deps/react-konva.js?v=d3bf0389:27191
[12712064ms] [ERROR] Failed to load resource: the server responded with a status of 500 (Internal Server Error) @ http://localhost:5174/src/pages/Landing.tsx?t=1784340951515:0
[12712064ms] [ERROR] [hmr] Failed to reload /src/pages/Landing.tsx. This could be due to syntax errors or importing non-existent modules. (see errors above) @ http://localhost:5174/node_modules/.vite/deps/react-konva.js?v=d3bf0389:27191
[12714703ms] [ERROR] Failed to load resource: the server responded with a status of 500 (Internal Server Error) @ http://localhost:5174/src/pages/Landing.tsx?t=1784340954161:0
[12714703ms] [ERROR] [hmr] Failed to reload /src/pages/Landing.tsx. This could be due to syntax errors or importing non-existent modules. (see errors above) @ http://localhost:5174/node_modules/.vite/deps/react-konva.js?v=d3bf0389:27191
[12767869ms] [INFO] %cDownload the React DevTools for a better development experience: https://reactjs.org/link/react-devtools font-weight:bold @ http://localhost:5174/node_modules/.vite/deps/chunk-FAA7VF3V.js?v=d3bf0389:21091
[12767939ms] [WARNING] ⚠️ React Router Future Flag Warning: React Router will begin wrapping state updates in `React.startTransition` in v7. You can use the `v7_startTransition` future flag to opt-in early. For more information, see https://reactrouter.com/v6/upgrading/future#v7_starttransition. @ http://localhost:5174/node_modules/.vite/deps/react-router-dom.js?v=d3bf0389:4427
[12767939ms] [WARNING] ⚠️ React Router Future Flag Warning: Relative route resolution within Splat routes is changing in v7. You can use the `v7_relativeSplatPath` future flag to opt-in early. For more information, see https://reactrouter.com/v6/upgrading/future#v7_relativesplatpath. @ http://localhost:5174/node_modules/.vite/deps/react-router-dom.js?v=d3bf0389:4427
[13027233ms] [ERROR] Failed to load resource: the server responded with a status of 500 (Internal Server Error) @ http://localhost:5174/src/pages/Landing.tsx?t=1784341266681:0
[13027233ms] [ERROR] [hmr] Failed to reload /src/pages/Landing.tsx. This could be due to syntax errors or importing non-existent modules. (see errors above) @ http://localhost:5174/node_modules/.vite/deps/react-konva.js?v=d3bf0389:27191
[13097161ms] [INFO] %cDownload the React DevTools for a better development experience: https://reactjs.org/link/react-devtools font-weight:bold @ http://localhost:5174/node_modules/.vite/deps/chunk-FAA7VF3V.js?v=d3bf0389:21091
[13097291ms] [WARNING] ⚠️ React Router Future Flag Warning: React Router will begin wrapping state updates in `React.startTransition` in v7. You can use the `v7_startTransition` future flag to opt-in early. For more information, see https://reactrouter.com/v6/upgrading/future#v7_starttransition. @ http://localhost:5174/node_modules/.vite/deps/react-router-dom.js?v=d3bf0389:4427
[13097291ms] [WARNING] ⚠️ React Router Future Flag Warning: Relative route resolution within Splat routes is changing in v7. You can use the `v7_relativeSplatPath` future flag to opt-in early. For more information, see https://reactrouter.com/v6/upgrading/future#v7_relativesplatpath. @ http://localhost:5174/node_modules/.vite/deps/react-router-dom.js?v=d3bf0389:4427
[13107550ms] [INFO] %cDownload the React DevTools for a better development experience: https://reactjs.org/link/react-devtools font-weight:bold @ http://localhost:5174/node_modules/.vite/deps/chunk-FAA7VF3V.js?v=d3bf0389:21091
[13107635ms] [WARNING] ⚠️ React Router Future Flag Warning: React Router will begin wrapping state updates in `React.startTransition` in v7. You can use the `v7_startTransition` future flag to opt-in early. For more information, see https://reactrouter.com/v6/upgrading/future#v7_starttransition. @ http://localhost:5174/node_modules/.vite/deps/react-router-dom.js?v=d3bf0389:4427
[13107636ms] [WARNING] ⚠️ React Router Future Flag Warning: Relative route resolution within Splat routes is changing in v7. You can use the `v7_relativeSplatPath` future flag to opt-in early. For more information, see https://reactrouter.com/v6/upgrading/future#v7_relativesplatpath. @ http://localhost:5174/node_modules/.vite/deps/react-router-dom.js?v=d3bf0389:4427
[13335597ms] [INFO] %cDownload the React DevTools for a better development experience: https://reactjs.org/link/react-devtools font-weight:bold @ http://localhost:5174/node_modules/.vite/deps/chunk-FAA7VF3V.js?v=d3bf0389:21091
[13335693ms] [WARNING] ⚠️ React Router Future Flag Warning: React Router will begin wrapping state updates in `React.startTransition` in v7. You can use the `v7_startTransition` future flag to opt-in early. For more information, see https://reactrouter.com/v6/upgrading/future#v7_starttransition. @ http://localhost:5174/node_modules/.vite/deps/react-router-dom.js?v=d3bf0389:4427
[13335693ms] [WARNING] ⚠️ React Router Future Flag Warning: Relative route resolution within Splat routes is changing in v7. You can use the `v7_relativeSplatPath` future flag to opt-in early. For more information, see https://reactrouter.com/v6/upgrading/future#v7_relativesplatpath. @ http://localhost:5174/node_modules/.vite/deps/react-router-dom.js?v=d3bf0389:4427
[13616751ms] [INFO] %cDownload the React DevTools for a better development experience: https://reactjs.org/link/react-devtools font-weight:bold @ http://localhost:5174/node_modules/.vite/deps/chunk-FAA7VF3V.js?v=d3bf0389:21091
[13616811ms] [WARNING] ⚠️ React Router Future Flag Warning: React Router will begin wrapping state updates in `React.startTransition` in v7. You can use the `v7_startTransition` future flag to opt-in early. For more information, see https://reactrouter.com/v6/upgrading/future#v7_starttransition. @ http://localhost:5174/node_modules/.vite/deps/react-router-dom.js?v=d3bf0389:4427
[13616811ms] [WARNING] ⚠️ React Router Future Flag Warning: Relative route resolution within Splat routes is changing in v7. You can use the `v7_relativeSplatPath` future flag to opt-in early. For more information, see https://reactrouter.com/v6/upgrading/future#v7_relativesplatpath. @ http://localhost:5174/node_modules/.vite/deps/react-router-dom.js?v=d3bf0389:4427
[13618212ms] [INFO] %cDownload the React DevTools for a better development experience: https://reactjs.org/link/react-devtools font-weight:bold @ http://localhost:5174/node_modules/.vite/deps/chunk-FAA7VF3V.js?v=d3bf0389:21091
[13618239ms] [WARNING] ⚠️ React Router Future Flag Warning: React Router will begin wrapping state updates in `React.startTransition` in v7. You can use the `v7_startTransition` future flag to opt-in early. For more information, see https://reactrouter.com/v6/upgrading/future#v7_starttransition. @ http://localhost:5174/node_modules/.vite/deps/react-router-dom.js?v=d3bf0389:4427
[13618239ms] [WARNING] ⚠️ React Router Future Flag Warning: Relative route resolution within Splat routes is changing in v7. You can use the `v7_relativeSplatPath` future flag to opt-in early. For more information, see https://reactrouter.com/v6/upgrading/future#v7_relativesplatpath. @ http://localhost:5174/node_modules/.vite/deps/react-router-dom.js?v=d3bf0389:4427
[13762038ms] [ERROR] Failed to load resource: the server responded with a status of 500 (Internal Server Error) @ http://localhost:5174/src/components/reactbits/InfiniteMenu.tsx:0
[13762042ms] [ERROR] [hmr] Failed to reload /src/pages/Landing.tsx. This could be due to syntax errors or importing non-existent modules. (see errors above) @ http://localhost:5174/@vite/client:175
[13774395ms] [ERROR] [hmr] Failed to reload /src/pages/Landing.tsx. This could be due to syntax errors or importing non-existent modules. (see errors above) @ http://localhost:5174/@vite/client:175
[13918697ms] [INFO] %cDownload the React DevTools for a better development experience: https://reactjs.org/link/react-devtools font-weight:bold @ http://localhost:5174/node_modules/.vite/deps/chunk-FAA7VF3V.js?v=3dcc1e4c:21091
[13919054ms] [WARNING] ⚠️ React Router Future Flag Warning: React Router will begin wrapping state updates in `React.startTransition` in v7. You can use the `v7_startTransition` future flag to opt-in early. For more information, see https://reactrouter.com/v6/upgrading/future#v7_starttransition. @ http://localhost:5174/node_modules/.vite/deps/react-router-dom.js?v=3dcc1e4c:4427
[13919055ms] [WARNING] ⚠️ React Router Future Flag Warning: Relative route resolution within Splat routes is changing in v7. You can use the `v7_relativeSplatPath` future flag to opt-in early. For more information, see https://reactrouter.com/v6/upgrading/future#v7_relativesplatpath. @ http://localhost:5174/node_modules/.vite/deps/react-router-dom.js?v=3dcc1e4c:4427
[14065135ms] [ERROR] Failed to load resource: the server responded with a status of 500 (Internal Server Error) @ http://localhost:5174/src/pages/Landing.tsx?t=1784342303621:0
[14065139ms] [ERROR] [hmr] Failed to reload /src/pages/Landing.tsx. This could be due to syntax errors or importing non-existent modules. (see errors above) @ http://localhost:5174/@vite/client:175
[14134710ms] [ERROR] Failed to load resource: the server responded with a status of 500 (Internal Server Error) @ http://localhost:5174/src/pages/Landing.tsx?t=1784342372850:0
[14147923ms] [ERROR] Failed to load resource: the server responded with a status of 500 (Internal Server Error) @ http://localhost:5174/src/pages/Landing.tsx?t=1784342372850:0
[14183770ms] [INFO] %cDownload the React DevTools for a better development experience: https://reactjs.org/link/react-devtools font-weight:bold @ http://localhost:5174/node_modules/.vite/deps/chunk-FAA7VF3V.js?v=3dcc1e4c:21091
[14183988ms] [WARNING] ⚠️ React Router Future Flag Warning: React Router will begin wrapping state updates in `React.startTransition` in v7. You can use the `v7_startTransition` future flag to opt-in early. For more information, see https://reactrouter.com/v6/upgrading/future#v7_starttransition. @ http://localhost:5174/node_modules/.vite/deps/react-router-dom.js?v=3dcc1e4c:4427
[14183988ms] [WARNING] ⚠️ React Router Future Flag Warning: Relative route resolution within Splat routes is changing in v7. You can use the `v7_relativeSplatPath` future flag to opt-in early. For more information, see https://reactrouter.com/v6/upgrading/future#v7_relativesplatpath. @ http://localhost:5174/node_modules/.vite/deps/react-router-dom.js?v=3dcc1e4c:4427
[14396109ms] [ERROR] Failed to load resource: net::ERR_CONNECTION_CLOSED @ https://picsum.photos/seed/87/500/500:0
[14396109ms] [ERROR] Failed to load resource: net::ERR_CONNECTION_CLOSED @ https://picsum.photos/seed/65/500/500:0
[14396109ms] [ERROR] Failed to load resource: net::ERR_CONNECTION_CLOSED @ https://picsum.photos/seed/47/500/500:0
[14396109ms] [ERROR] Failed to load resource: net::ERR_CONNECTION_CLOSED @ https://picsum.photos/seed/78/500/500:0
[14396110ms] [ERROR] Failed to load resource: net::ERR_CONNECTION_CLOSED @ https://picsum.photos/seed/90/500/500:0
[14396110ms] [ERROR] Failed to load resource: net::ERR_CONNECTION_CLOSED @ https://picsum.photos/seed/89/500/500:0
[14396110ms] [ERROR] Failed to load resource: net::ERR_CONNECTION_CLOSED @ https://picsum.photos/seed/76/500/500:0
[14396110ms] [ERROR] Failed to load resource: net::ERR_CONNECTION_CLOSED @ https://picsum.photos/seed/45/500/500:0
[14396110ms] [ERROR] Failed to load resource: net::ERR_CONNECTION_CLOSED @ https://picsum.photos/seed/72/500/500:0
[14396110ms] [ERROR] Failed to load resource: net::ERR_CONNECTION_CLOSED @ https://picsum.photos/seed/62/500/500:0
[14396110ms] [ERROR] Failed to load resource: net::ERR_CONNECTION_CLOSED @ https://picsum.photos/seed/60/500/500:0
[14396110ms] [ERROR] Failed to load resource: net::ERR_CONNECTION_CLOSED @ https://picsum.photos/seed/52/500/500:0
[14396110ms] [ERROR] Failed to load resource: net::ERR_CONNECTION_CLOSED @ https://picsum.photos/seed/57/500/500:0
[14396110ms] [ERROR] Failed to load resource: net::ERR_CONNECTION_CLOSED @ https://picsum.photos/seed/49/500/500:0
[14396129ms] [ERROR] Failed to load resource: net::ERR_CONNECTION_CLOSED @ https://picsum.photos/seed/86/500/500:0
[14396129ms] [ERROR] Failed to load resource: net::ERR_CONNECTION_CLOSED @ https://picsum.photos/seed/84/500/500:0
[14396129ms] [ERROR] Failed to load resource: net::ERR_CONNECTION_CLOSED @ https://picsum.photos/seed/93/500/500:0
[14396129ms] [ERROR] Failed to load resource: net::ERR_CONNECTION_CLOSED @ https://picsum.photos/seed/79/500/500:0
[14396129ms] [ERROR] Failed to load resource: net::ERR_CONNECTION_CLOSED @ https://picsum.photos/seed/66/500/500:0
[14396130ms] [ERROR] Failed to load resource: net::ERR_CONNECTION_CLOSED @ https://picsum.photos/seed/56/500/500:0
[14396149ms] [ERROR] Failed to load resource: net::ERR_CONNECTION_CLOSED @ https://picsum.photos/seed/61/500/500:0
[14396149ms] [ERROR] Failed to load resource: net::ERR_CONNECTION_CLOSED @ https://picsum.photos/seed/59/500/500:0
[14396150ms] [ERROR] Failed to load resource: net::ERR_CONNECTION_CLOSED @ https://picsum.photos/seed/91/500/500:0
[14396150ms] [ERROR] Failed to load resource: net::ERR_CONNECTION_CLOSED @ https://picsum.photos/seed/58/500/500:0
[14396150ms] [ERROR] Failed to load resource: net::ERR_CONNECTION_CLOSED @ https://picsum.photos/seed/55/500/500:0
[14396150ms] [ERROR] Failed to load resource: net::ERR_CONNECTION_CLOSED @ https://picsum.photos/seed/44/500/500:0
[14396150ms] [ERROR] Failed to load resource: net::ERR_CONNECTION_CLOSED @ https://picsum.photos/seed/83/500/500:0
[14396150ms] [ERROR] Failed to load resource: net::ERR_CONNECTION_CLOSED @ https://picsum.photos/seed/67/500/500:0
[14396150ms] [ERROR] Failed to load resource: net::ERR_CONNECTION_CLOSED @ https://picsum.photos/seed/51/500/500:0
[14396150ms] [ERROR] Failed to load resource: net::ERR_CONNECTION_CLOSED @ https://picsum.photos/seed/69/500/500:0
[14396150ms] [ERROR] Failed to load resource: net::ERR_CONNECTION_CLOSED @ https://picsum.photos/seed/43/500/500:0
[14396150ms] [ERROR] Failed to load resource: net::ERR_CONNECTION_CLOSED @ https://picsum.photos/seed/63/500/500:0
[14396150ms] [ERROR] Failed to load resource: net::ERR_CONNECTION_CLOSED @ https://picsum.photos/seed/80/500/500:0
[14396150ms] [ERROR] Failed to load resource: net::ERR_CONNECTION_CLOSED @ https://picsum.photos/seed/54/500/500:0
[14396150ms] [ERROR] Failed to load resource: net::ERR_CONNECTION_CLOSED @ https://picsum.photos/seed/77/500/500:0
[14396150ms] [ERROR] Failed to load resource: net::ERR_CONNECTION_CLOSED @ https://picsum.photos/seed/73/500/500:0
[14396150ms] [ERROR] Failed to load resource: net::ERR_CONNECTION_CLOSED @ https://picsum.photos/seed/75/500/500:0
[14396178ms] [ERROR] Failed to load resource: net::ERR_CONNECTION_CLOSED @ https://picsum.photos/seed/74/500/500:0
[14396179ms] [ERROR] Failed to load resource: net::ERR_CONNECTION_CLOSED @ https://picsum.photos/seed/81/500/500:0
[14396179ms] [ERROR] Failed to load resource: net::ERR_CONNECTION_CLOSED @ https://picsum.photos/seed/68/500/500:0
[14396179ms] [ERROR] Failed to load resource: net::ERR_CONNECTION_CLOSED @ https://picsum.photos/seed/88/500/500:0
[14396179ms] [ERROR] Failed to load resource: net::ERR_CONNECTION_CLOSED @ https://picsum.photos/seed/50/500/500:0
[14396179ms] [ERROR] Failed to load resource: net::ERR_CONNECTION_CLOSED @ https://picsum.photos/seed/71/500/500:0
[14396179ms] [ERROR] Failed to load resource: net::ERR_CONNECTION_CLOSED @ https://picsum.photos/seed/82/500/500:0
[14396179ms] [ERROR] Failed to load resource: net::ERR_CONNECTION_CLOSED @ https://picsum.photos/seed/70/500/500:0
[14396179ms] [ERROR] Failed to load resource: net::ERR_CONNECTION_CLOSED @ https://picsum.photos/seed/64/500/500:0
[14396179ms] [ERROR] Failed to load resource: net::ERR_CONNECTION_CLOSED @ https://picsum.photos/seed/85/500/500:0
[14396179ms] [ERROR] Failed to load resource: net::ERR_CONNECTION_CLOSED @ https://picsum.photos/seed/92/500/500:0
[14396179ms] [ERROR] Failed to load resource: net::ERR_CONNECTION_CLOSED @ https://picsum.photos/seed/53/500/500:0
[14396179ms] [ERROR] Failed to load resource: net::ERR_CONNECTION_CLOSED @ https://picsum.photos/seed/48/500/500:0
[14396179ms] [ERROR] Failed to load resource: net::ERR_CONNECTION_CLOSED @ https://picsum.photos/seed/46/500/500:0
[14425639ms] [INFO] %cDownload the React DevTools for a better development experience: https://reactjs.org/link/react-devtools font-weight:bold @ http://localhost:5174/node_modules/.vite/deps/chunk-FAA7VF3V.js?v=3dcc1e4c:21091
[14425827ms] [WARNING] ⚠️ React Router Future Flag Warning: React Router will begin wrapping state updates in `React.startTransition` in v7. You can use the `v7_startTransition` future flag to opt-in early. For more information, see https://reactrouter.com/v6/upgrading/future#v7_starttransition. @ http://localhost:5174/node_modules/.vite/deps/react-router-dom.js?v=3dcc1e4c:4427
[14425828ms] [WARNING] ⚠️ React Router Future Flag Warning: Relative route resolution within Splat routes is changing in v7. You can use the `v7_relativeSplatPath` future flag to opt-in early. For more information, see https://reactrouter.com/v6/upgrading/future#v7_relativesplatpath. @ http://localhost:5174/node_modules/.vite/deps/react-router-dom.js?v=3dcc1e4c:4427
