[ 2472802ms] [WARNING] Failed to decode downloaded font: https://reactbits.dev/assets/css/geist/dist/fonts/geist-mono/GeistMono-Variable.woff2 @ https://reactbits.dev/:0
[ 2472802ms] [WARNING] OTS parsing error: invalid sfntVersion: 1008821359 @ https://reactbits.dev/:0
[ 2472802ms] [WARNING] Failed to decode downloaded font: https://reactbits.dev/assets/css/geist/dist/fonts/geist-mono/GeistMono-Variable.woff2 @ https://reactbits.dev/:0
[ 2472802ms] [WARNING] OTS parsing error: invalid sfntVersion: 1008821359 @ https://reactbits.dev/:0
[ 2472802ms] [WARNING] Failed to decode downloaded font: https://reactbits.dev/assets/css/geist/dist/fonts/geist-sans/Geist-Variable.woff2 @ https://reactbits.dev/:0
[ 2472802ms] [WARNING] OTS parsing error: invalid sfntVersion: 1008821359 @ https://reactbits.dev/:0
[ 2472802ms] [WARNING] Failed to decode downloaded font: https://reactbits.dev/assets/css/geist/dist/fonts/geist-sans/Geist-Variable.woff2 @ https://reactbits.dev/:0
[ 2472802ms] [WARNING] OTS parsing error: invalid sfntVersion: 1008821359 @ https://reactbits.dev/:0
[ 2472803ms] [WARNING] Failed to decode downloaded font: https://reactbits.dev/assets/css/geist/dist/fonts/geist-pixel/GeistPixel-Line.woff2 @ https://reactbits.dev/:0
[ 2472803ms] [WARNING] OTS parsing error: invalid sfntVersion: 1008821359 @ https://reactbits.dev/:0
[ 2472803ms] [WARNING] Failed to decode downloaded font: https://reactbits.dev/assets/css/geist/dist/fonts/geist-pixel/GeistPixel-Line.woff2 @ https://reactbits.dev/:0
[ 2472803ms] [WARNING] OTS parsing error: invalid sfntVersion: 1008821359 @ https://reactbits.dev/:0
[ 2472865ms] [WARNING] Failed to decode downloaded font: https://reactbits.dev/assets/css/geist/dist/fonts/geist-sans/Geist-Variable.woff2 @ https://reactbits.dev/:0
[ 2472865ms] [WARNING] OTS parsing error: invalid sfntVersion: 1008821359 @ https://reactbits.dev/:0
[ 2472865ms] [WARNING] Failed to decode downloaded font: https://reactbits.dev/assets/css/geist/dist/fonts/geist-mono/GeistMono-Variable.woff2 @ https://reactbits.dev/:0
[ 2472865ms] [WARNING] OTS parsing error: invalid sfntVersion: 1008821359 @ https://reactbits.dev/:0
[ 2472865ms] [WARNING] Failed to decode downloaded font: https://reactbits.dev/assets/css/geist/dist/fonts/geist-pixel/GeistPixel-Line.woff2 @ https://reactbits.dev/:0
[ 2472865ms] [WARNING] OTS parsing error: invalid sfntVersion: 1008821359 @ https://reactbits.dev/:0
[ 2477221ms] [WARNING] Failed to decode downloaded font: https://reactbits.dev/assets/css/geist/dist/fonts/geist-sans/Geist-Variable.woff2 @ https://reactbits.dev/get-started/index:0
[ 2477221ms] [WARNING] OTS parsing error: invalid sfntVersion: 1008821359 @ https://reactbits.dev/get-started/index:0
[ 2477221ms] [WARNING] Failed to decode downloaded font: https://reactbits.dev/assets/css/geist/dist/fonts/geist-mono/GeistMono-Variable.woff2 @ https://reactbits.dev/get-started/index:0
[ 2477221ms] [WARNING] OTS parsing error: invalid sfntVersion: 1008821359 @ https://reactbits.dev/get-started/index:0
[ 2477221ms] [WARNING] Failed to decode downloaded font: https://reactbits.dev/assets/css/geist/dist/fonts/geist-pixel/GeistPixel-Line.woff2 @ https://reactbits.dev/get-started/index:0
[ 2477221ms] [WARNING] OTS parsing error: invalid sfntVersion: 1008821359 @ https://reactbits.dev/get-started/index:0
[ 2477280ms] [WARNING] Failed to decode downloaded font: https://reactbits.dev/assets/css/geist/dist/fonts/geist-sans/Geist-Variable.woff2 @ https://reactbits.dev/get-started/index:0
[ 2477280ms] [WARNING] OTS parsing error: invalid sfntVersion: 1008821359 @ https://reactbits.dev/get-started/index:0
[ 2477280ms] [WARNING] Failed to decode downloaded font: https://reactbits.dev/assets/css/geist/dist/fonts/geist-mono/GeistMono-Variable.woff2 @ https://reactbits.dev/get-started/index:0
[ 2477280ms] [WARNING] OTS parsing error: invalid sfntVersion: 1008821359 @ https://reactbits.dev/get-started/index:0
[ 2477280ms] [WARNING] Failed to decode downloaded font: https://reactbits.dev/assets/css/geist/dist/fonts/geist-pixel/GeistPixel-Line.woff2 @ https://reactbits.dev/get-started/index:0
[ 2477280ms] [WARNING] OTS parsing error: invalid sfntVersion: 1008821359 @ https://reactbits.dev/get-started/index:0
[ 2478142ms] [WARNING] Failed to decode downloaded font: https://reactbits.dev/assets/css/geist/dist/fonts/geist-sans/Geist-Variable.woff2 @ https://reactbits.dev/get-started/index:0
[ 2478143ms] [WARNING] OTS parsing error: invalid sfntVersion: 1008821359 @ https://reactbits.dev/get-started/index:0
[ 2478143ms] [WARNING] Failed to decode downloaded font: https://reactbits.dev/assets/css/geist/dist/fonts/geist-mono/GeistMono-Variable.woff2 @ https://reactbits.dev/get-started/index:0
[ 2478143ms] [WARNING] OTS parsing error: invalid sfntVersion: 1008821359 @ https://reactbits.dev/get-started/index:0
[ 2478143ms] [WARNING] Failed to decode downloaded font: https://reactbits.dev/assets/css/geist/dist/fonts/geist-pixel/GeistPixel-Line.woff2 @ https://reactbits.dev/get-started/index:0
[ 2478143ms] [WARNING] OTS parsing error: invalid sfntVersion: 1008821359 @ https://reactbits.dev/get-started/index:0
[ 2478160ms] [WARNING] Failed to decode downloaded font: https://reactbits.dev/assets/css/geist/dist/fonts/geist-sans/Geist-Variable.woff2 @ https://reactbits.dev/get-started/index:0
[ 2478160ms] [WARNING] OTS parsing error: invalid sfntVersion: 1008821359 @ https://reactbits.dev/get-started/index:0
[ 2478160ms] [WARNING] Failed to decode downloaded font: https://reactbits.dev/assets/css/geist/dist/fonts/geist-mono/GeistMono-Variable.woff2 @ https://reactbits.dev/get-started/index:0
[ 2478160ms] [WARNING] OTS parsing error: invalid sfntVersion: 1008821359 @ https://reactbits.dev/get-started/index:0
[ 2478160ms] [WARNING] Failed to decode downloaded font: https://reactbits.dev/assets/css/geist/dist/fonts/geist-pixel/GeistPixel-Line.woff2 @ https://reactbits.dev/get-started/index:0
[ 2478160ms] [WARNING] OTS parsing error: invalid sfntVersion: 1008821359 @ https://reactbits.dev/get-started/index:0
[ 2478858ms] [WARNING] Failed to decode downloaded font: https://reactbits.dev/assets/css/geist/dist/fonts/geist-sans/Geist-Variable.woff2 @ https://reactbits.dev/get-started/index:0
[ 2478858ms] [WARNING] OTS parsing error: invalid sfntVersion: 1008821359 @ https://reactbits.dev/get-started/index:0
[ 2478858ms] [WARNING] Failed to decode downloaded font: https://reactbits.dev/assets/css/geist/dist/fonts/geist-mono/GeistMono-Variable.woff2 @ https://reactbits.dev/get-started/index:0
[ 2478858ms] [WARNING] OTS parsing error: invalid sfntVersion: 1008821359 @ https://reactbits.dev/get-started/index:0
[ 2478858ms] [WARNING] Failed to decode downloaded font: https://reactbits.dev/assets/css/geist/dist/fonts/geist-pixel/GeistPixel-Line.woff2 @ https://reactbits.dev/get-started/index:0
[ 2478858ms] [WARNING] OTS parsing error: invalid sfntVersion: 1008821359 @ https://reactbits.dev/get-started/index:0
[ 2478875ms] [WARNING] Failed to decode downloaded font: https://reactbits.dev/assets/css/geist/dist/fonts/geist-sans/Geist-Variable.woff2 @ https://reactbits.dev/get-started/index:0
[ 2478875ms] [WARNING] OTS parsing error: invalid sfntVersion: 1008821359 @ https://reactbits.dev/get-started/index:0
[ 2478875ms] [WARNING] Failed to decode downloaded font: https://reactbits.dev/assets/css/geist/dist/fonts/geist-mono/GeistMono-Variable.woff2 @ https://reactbits.dev/get-started/index:0
[ 2478875ms] [WARNING] OTS parsing error: invalid sfntVersion: 1008821359 @ https://reactbits.dev/get-started/index:0
[ 2478875ms] [WARNING] Failed to decode downloaded font: https://reactbits.dev/assets/css/geist/dist/fonts/geist-pixel/GeistPixel-Line.woff2 @ https://reactbits.dev/get-started/index:0
[ 2478875ms] [WARNING] OTS parsing error: invalid sfntVersion: 1008821359 @ https://reactbits.dev/get-started/index:0
[ 2479809ms] [WARNING] Failed to decode downloaded font: https://reactbits.dev/assets/css/geist/dist/fonts/geist-sans/Geist-Variable.woff2 @ https://reactbits.dev/get-started/index:0
[ 2479809ms] [WARNING] OTS parsing error: invalid sfntVersion: 1008821359 @ https://reactbits.dev/get-started/index:0
[ 2479809ms] [WARNING] Failed to decode downloaded font: https://reactbits.dev/assets/css/geist/dist/fonts/geist-mono/GeistMono-Variable.woff2 @ https://reactbits.dev/get-started/index:0
[ 2479809ms] [WARNING] OTS parsing error: invalid sfntVersion: 1008821359 @ https://reactbits.dev/get-started/index:0
[ 2479809ms] [WARNING] Failed to decode downloaded font: https://reactbits.dev/assets/css/geist/dist/fonts/geist-pixel/GeistPixel-Line.woff2 @ https://reactbits.dev/get-started/index:0
[ 2479809ms] [WARNING] OTS parsing error: invalid sfntVersion: 1008821359 @ https://reactbits.dev/get-started/index:0
[ 2479959ms] [WARNING] Failed to decode downloaded font: https://reactbits.dev/assets/css/geist/dist/fonts/geist-sans/Geist-Variable.woff2 @ https://reactbits.dev/get-started/index:0
[ 2479959ms] [WARNING] OTS parsing error: invalid sfntVersion: 1008821359 @ https://reactbits.dev/get-started/index:0
[ 2479959ms] [WARNING] Failed to decode downloaded font: https://reactbits.dev/assets/css/geist/dist/fonts/geist-mono/GeistMono-Variable.woff2 @ https://reactbits.dev/get-started/index:0
[ 2479959ms] [WARNING] OTS parsing error: invalid sfntVersion: 1008821359 @ https://reactbits.dev/get-started/index:0
[ 2479959ms] [WARNING] Failed to decode downloaded font: https://reactbits.dev/assets/css/geist/dist/fonts/geist-pixel/GeistPixel-Line.woff2 @ https://reactbits.dev/get-started/index:0
[ 2479959ms] [WARNING] OTS parsing error: invalid sfntVersion: 1008821359 @ https://reactbits.dev/get-started/index:0
[ 2480858ms] [WARNING] Failed to decode downloaded font: https://reactbits.dev/assets/css/geist/dist/fonts/geist-sans/Geist-Variable.woff2 @ https://reactbits.dev/get-started/index:0
[ 2480858ms] [WARNING] OTS parsing error: invalid sfntVersion: 1008821359 @ https://reactbits.dev/get-started/index:0
[ 2480858ms] [WARNING] Failed to decode downloaded font: https://reactbits.dev/assets/css/geist/dist/fonts/geist-mono/GeistMono-Variable.woff2 @ https://reactbits.dev/get-started/index:0
[ 2480858ms] [WARNING] OTS parsing error: invalid sfntVersion: 1008821359 @ https://reactbits.dev/get-started/index:0
[ 2480858ms] [WARNING] Failed to decode downloaded font: https://reactbits.dev/assets/css/geist/dist/fonts/geist-pixel/GeistPixel-Line.woff2 @ https://reactbits.dev/get-started/index:0
[ 2480858ms] [WARNING] OTS parsing error: invalid sfntVersion: 1008821359 @ https://reactbits.dev/get-started/index:0
[ 2481492ms] [WARNING] Failed to decode downloaded font: https://reactbits.dev/assets/css/geist/dist/fonts/geist-sans/Geist-Variable.woff2 @ https://reactbits.dev/get-started/index:0
[ 2481492ms] [WARNING] OTS parsing error: invalid sfntVersion: 1008821359 @ https://reactbits.dev/get-started/index:0
[ 2481492ms] [WARNING] Failed to decode downloaded font: https://reactbits.dev/assets/css/geist/dist/fonts/geist-mono/GeistMono-Variable.woff2 @ https://reactbits.dev/get-started/index:0
[ 2481492ms] [WARNING] OTS parsing error: invalid sfntVersion: 1008821359 @ https://reactbits.dev/get-started/index:0
[ 2481492ms] [WARNING] Failed to decode downloaded font: https://reactbits.dev/assets/css/geist/dist/fonts/geist-pixel/GeistPixel-Line.woff2 @ https://reactbits.dev/get-started/index:0
[ 2481492ms] [WARNING] OTS parsing error: invalid sfntVersion: 1008821359 @ https://reactbits.dev/get-started/index:0
[ 2481541ms] [WARNING] Failed to decode downloaded font: https://reactbits.dev/assets/css/geist/dist/fonts/geist-sans/Geist-Variable.woff2 @ https://reactbits.dev/get-started/index:0
[ 2481542ms] [WARNING] OTS parsing error: invalid sfntVersion: 1008821359 @ https://reactbits.dev/get-started/index:0
[ 2481542ms] [WARNING] Failed to decode downloaded font: https://reactbits.dev/assets/css/geist/dist/fonts/geist-mono/GeistMono-Variable.woff2 @ https://reactbits.dev/get-started/index:0
[ 2481542ms] [WARNING] OTS parsing error: invalid sfntVersion: 1008821359 @ https://reactbits.dev/get-started/index:0
[ 2481542ms] [WARNING] Failed to decode downloaded font: https://reactbits.dev/assets/css/geist/dist/fonts/geist-pixel/GeistPixel-Line.woff2 @ https://reactbits.dev/get-started/index:0
[ 2481542ms] [WARNING] OTS parsing error: invalid sfntVersion: 1008821359 @ https://reactbits.dev/get-started/index:0
[ 2481574ms] [WARNING] Failed to decode downloaded font: https://reactbits.dev/assets/css/geist/dist/fonts/geist-sans/Geist-Variable.woff2 @ https://reactbits.dev/get-started/index:0
[ 2481574ms] [WARNING] OTS parsing error: invalid sfntVersion: 1008821359 @ https://reactbits.dev/get-started/index:0
[ 2481574ms] [WARNING] Failed to decode downloaded font: https://reactbits.dev/assets/css/geist/dist/fonts/geist-mono/GeistMono-Variable.woff2 @ https://reactbits.dev/get-started/index:0
[ 2481574ms] [WARNING] OTS parsing error: invalid sfntVersion: 1008821359 @ https://reactbits.dev/get-started/index:0
[ 2481574ms] [WARNING] Failed to decode downloaded font: https://reactbits.dev/assets/css/geist/dist/fonts/geist-pixel/GeistPixel-Line.woff2 @ https://reactbits.dev/get-started/index:0
[ 2481574ms] [WARNING] OTS parsing error: invalid sfntVersion: 1008821359 @ https://reactbits.dev/get-started/index:0
[ 2481875ms] [WARNING] Failed to decode downloaded font: https://reactbits.dev/assets/css/geist/dist/fonts/geist-sans/Geist-Variable.woff2 @ https://reactbits.dev/get-started/index:0
[ 2481875ms] [WARNING] OTS parsing error: invalid sfntVersion: 1008821359 @ https://reactbits.dev/get-started/index:0
[ 2481875ms] [WARNING] Failed to decode downloaded font: https://reactbits.dev/assets/css/geist/dist/fonts/geist-mono/GeistMono-Variable.woff2 @ https://reactbits.dev/get-started/index:0
[ 2481875ms] [WARNING] OTS parsing error: invalid sfntVersion: 1008821359 @ https://reactbits.dev/get-started/index:0
[ 2481875ms] [WARNING] Failed to decode downloaded font: https://reactbits.dev/assets/css/geist/dist/fonts/geist-pixel/GeistPixel-Line.woff2 @ https://reactbits.dev/get-started/index:0
[ 2481875ms] [WARNING] OTS parsing error: invalid sfntVersion: 1008821359 @ https://reactbits.dev/get-started/index:0
[ 2482225ms] [WARNING] Failed to decode downloaded font: https://reactbits.dev/assets/css/geist/dist/fonts/geist-sans/Geist-Variable.woff2 @ https://reactbits.dev/get-started/index:0
[ 2482225ms] [WARNING] OTS parsing error: invalid sfntVersion: 1008821359 @ https://reactbits.dev/get-started/index:0
[ 2482225ms] [WARNING] Failed to decode downloaded font: https://reactbits.dev/assets/css/geist/dist/fonts/geist-mono/GeistMono-Variable.woff2 @ https://reactbits.dev/get-started/index:0
[ 2482225ms] [WARNING] OTS parsing error: invalid sfntVersion: 1008821359 @ https://reactbits.dev/get-started/index:0
[ 2482225ms] [WARNING] Failed to decode downloaded font: https://reactbits.dev/assets/css/geist/dist/fonts/geist-pixel/GeistPixel-Line.woff2 @ https://reactbits.dev/get-started/index:0
[ 2482225ms] [WARNING] OTS parsing error: invalid sfntVersion: 1008821359 @ https://reactbits.dev/get-started/index:0
[ 2486174ms] [WARNING] Failed to decode downloaded font: https://reactbits.dev/assets/css/geist/dist/fonts/geist-sans/Geist-Variable.woff2 @ https://reactbits.dev/get-started/index:0
[ 2486174ms] [WARNING] OTS parsing error: invalid sfntVersion: 1008821359 @ https://reactbits.dev/get-started/index:0
[ 2486174ms] [WARNING] Failed to decode downloaded font: https://reactbits.dev/assets/css/geist/dist/fonts/geist-mono/GeistMono-Variable.woff2 @ https://reactbits.dev/get-started/index:0
[ 2486174ms] [WARNING] OTS parsing error: invalid sfntVersion: 1008821359 @ https://reactbits.dev/get-started/index:0
[ 2486174ms] [WARNING] Failed to decode downloaded font: https://reactbits.dev/assets/css/geist/dist/fonts/geist-pixel/GeistPixel-Line.woff2 @ https://reactbits.dev/get-started/index:0
[ 2486174ms] [WARNING] OTS parsing error: invalid sfntVersion: 1008821359 @ https://reactbits.dev/get-started/index:0
[ 2486375ms] [WARNING] Failed to decode downloaded font: https://reactbits.dev/assets/css/geist/dist/fonts/geist-sans/Geist-Variable.woff2 @ https://reactbits.dev/get-started/index:0
[ 2486375ms] [WARNING] OTS parsing error: invalid sfntVersion: 1008821359 @ https://reactbits.dev/get-started/index:0
[ 2486375ms] [WARNING] Failed to decode downloaded font: https://reactbits.dev/assets/css/geist/dist/fonts/geist-mono/GeistMono-Variable.woff2 @ https://reactbits.dev/get-started/index:0
[ 2486375ms] [WARNING] OTS parsing error: invalid sfntVersion: 1008821359 @ https://reactbits.dev/get-started/index:0
[ 2486375ms] [WARNING] Failed to decode downloaded font: https://reactbits.dev/assets/css/geist/dist/fonts/geist-pixel/GeistPixel-Line.woff2 @ https://reactbits.dev/get-started/index:0
[ 2486375ms] [WARNING] OTS parsing error: invalid sfntVersion: 1008821359 @ https://reactbits.dev/get-started/index:0
[ 2490659ms] [WARNING] Failed to decode downloaded font: https://reactbits.dev/assets/css/geist/dist/fonts/geist-sans/Geist-Variable.woff2 @ https://reactbits.dev/get-started/index:0
[ 2490659ms] [WARNING] OTS parsing error: invalid sfntVersion: 1008821359 @ https://reactbits.dev/get-started/index:0
[ 2490659ms] [WARNING] Failed to decode downloaded font: https://reactbits.dev/assets/css/geist/dist/fonts/geist-mono/GeistMono-Variable.woff2 @ https://reactbits.dev/get-started/index:0
[ 2490659ms] [WARNING] OTS parsing error: invalid sfntVersion: 1008821359 @ https://reactbits.dev/get-started/index:0
[ 2490659ms] [WARNING] Failed to decode downloaded font: https://reactbits.dev/assets/css/geist/dist/fonts/geist-pixel/GeistPixel-Line.woff2 @ https://reactbits.dev/get-started/index:0
[ 2490659ms] [WARNING] OTS parsing error: invalid sfntVersion: 1008821359 @ https://reactbits.dev/get-started/index:0
[ 2490858ms] [WARNING] Failed to decode downloaded font: https://reactbits.dev/assets/css/geist/dist/fonts/geist-sans/Geist-Variable.woff2 @ https://reactbits.dev/get-started/index:0
[ 2490858ms] [WARNING] OTS parsing error: invalid sfntVersion: 1008821359 @ https://reactbits.dev/get-started/index:0
[ 2490859ms] [WARNING] Failed to decode downloaded font: https://reactbits.dev/assets/css/geist/dist/fonts/geist-mono/GeistMono-Variable.woff2 @ https://reactbits.dev/get-started/index:0
[ 2490859ms] [WARNING] OTS parsing error: invalid sfntVersion: 1008821359 @ https://reactbits.dev/get-started/index:0
[ 2490859ms] [WARNING] Failed to decode downloaded font: https://reactbits.dev/assets/css/geist/dist/fonts/geist-pixel/GeistPixel-Line.woff2 @ https://reactbits.dev/get-started/index:0
[ 2490859ms] [WARNING] OTS parsing error: invalid sfntVersion: 1008821359 @ https://reactbits.dev/get-started/index:0
[ 2492242ms] [WARNING] Failed to decode downloaded font: https://reactbits.dev/assets/css/geist/dist/fonts/geist-sans/Geist-Variable.woff2 @ https://reactbits.dev/get-started/index:0
[ 2492242ms] [WARNING] OTS parsing error: invalid sfntVersion: 1008821359 @ https://reactbits.dev/get-started/index:0
[ 2492242ms] [WARNING] Failed to decode downloaded font: https://reactbits.dev/assets/css/geist/dist/fonts/geist-mono/GeistMono-Variable.woff2 @ https://reactbits.dev/get-started/index:0
[ 2492242ms] [WARNING] OTS parsing error: invalid sfntVersion: 1008821359 @ https://reactbits.dev/get-started/index:0
[ 2492242ms] [WARNING] Failed to decode downloaded font: https://reactbits.dev/assets/css/geist/dist/fonts/geist-pixel/GeistPixel-Line.woff2 @ https://reactbits.dev/get-started/index:0
[ 2492242ms] [WARNING] OTS parsing error: invalid sfntVersion: 1008821359 @ https://reactbits.dev/get-started/index:0
[ 2493608ms] [WARNING] Failed to decode downloaded font: https://reactbits.dev/assets/css/geist/dist/fonts/geist-sans/Geist-Variable.woff2 @ https://reactbits.dev/get-started/index:0
[ 2493608ms] [WARNING] OTS parsing error: invalid sfntVersion: 1008821359 @ https://reactbits.dev/get-started/index:0
[ 2493608ms] [WARNING] Failed to decode downloaded font: https://reactbits.dev/assets/css/geist/dist/fonts/geist-mono/GeistMono-Variable.woff2 @ https://reactbits.dev/get-started/index:0
[ 2493608ms] [WARNING] OTS parsing error: invalid sfntVersion: 1008821359 @ https://reactbits.dev/get-started/index:0
[ 2493608ms] [WARNING] Failed to decode downloaded font: https://reactbits.dev/assets/css/geist/dist/fonts/geist-pixel/GeistPixel-Line.woff2 @ https://reactbits.dev/get-started/index:0
[ 2493608ms] [WARNING] OTS parsing error: invalid sfntVersion: 1008821359 @ https://reactbits.dev/get-started/index:0
[ 2493760ms] [WARNING] Failed to decode downloaded font: https://reactbits.dev/assets/css/geist/dist/fonts/geist-sans/Geist-Variable.woff2 @ https://reactbits.dev/get-started/index:0
[ 2493760ms] [WARNING] OTS parsing error: invalid sfntVersion: 1008821359 @ https://reactbits.dev/get-started/index:0
[ 2493760ms] [WARNING] Failed to decode downloaded font: https://reactbits.dev/assets/css/geist/dist/fonts/geist-mono/GeistMono-Variable.woff2 @ https://reactbits.dev/get-started/index:0
[ 2493760ms] [WARNING] OTS parsing error: invalid sfntVersion: 1008821359 @ https://reactbits.dev/get-started/index:0
[ 2493760ms] [WARNING] Failed to decode downloaded font: https://reactbits.dev/assets/css/geist/dist/fonts/geist-pixel/GeistPixel-Line.woff2 @ https://reactbits.dev/get-started/index:0
[ 2493760ms] [WARNING] OTS parsing error: invalid sfntVersion: 1008821359 @ https://reactbits.dev/get-started/index:0
[ 2493876ms] [WARNING] Failed to decode downloaded font: https://reactbits.dev/assets/css/geist/dist/fonts/geist-sans/Geist-Variable.woff2 @ https://reactbits.dev/get-started/index:0
[ 2493876ms] [WARNING] OTS parsing error: invalid sfntVersion: 1008821359 @ https://reactbits.dev/get-started/index:0
[ 2493876ms] [WARNING] Failed to decode downloaded font: https://reactbits.dev/assets/css/geist/dist/fonts/geist-mono/GeistMono-Variable.woff2 @ https://reactbits.dev/get-started/index:0
[ 2493876ms] [WARNING] OTS parsing error: invalid sfntVersion: 1008821359 @ https://reactbits.dev/get-started/index:0
[ 2493876ms] [WARNING] Failed to decode downloaded font: https://reactbits.dev/assets/css/geist/dist/fonts/geist-pixel/GeistPixel-Line.woff2 @ https://reactbits.dev/get-started/index:0
[ 2493876ms] [WARNING] OTS parsing error: invalid sfntVersion: 1008821359 @ https://reactbits.dev/get-started/index:0
[ 2493893ms] [WARNING] Failed to decode downloaded font: https://reactbits.dev/assets/css/geist/dist/fonts/geist-sans/Geist-Variable.woff2 @ https://reactbits.dev/get-started/index:0
[ 2493893ms] [WARNING] OTS parsing error: invalid sfntVersion: 1008821359 @ https://reactbits.dev/get-started/index:0
[ 2493893ms] [WARNING] Failed to decode downloaded font: https://reactbits.dev/assets/css/geist/dist/fonts/geist-mono/GeistMono-Variable.woff2 @ https://reactbits.dev/get-started/index:0
[ 2493893ms] [WARNING] OTS parsing error: invalid sfntVersion: 1008821359 @ https://reactbits.dev/get-started/index:0
[ 2493893ms] [WARNING] Failed to decode downloaded font: https://reactbits.dev/assets/css/geist/dist/fonts/geist-pixel/GeistPixel-Line.woff2 @ https://reactbits.dev/get-started/index:0
[ 2493893ms] [WARNING] OTS parsing error: invalid sfntVersion: 1008821359 @ https://reactbits.dev/get-started/index:0
[ 2493949ms] [WARNING] Failed to decode downloaded font: https://reactbits.dev/assets/css/geist/dist/fonts/geist-sans/Geist-Variable.woff2 @ https://reactbits.dev/get-started/index:0
[ 2493949ms] [WARNING] OTS parsing error: invalid sfntVersion: 1008821359 @ https://reactbits.dev/get-started/index:0
[ 2493949ms] [WARNING] Failed to decode downloaded font: https://reactbits.dev/assets/css/geist/dist/fonts/geist-mono/GeistMono-Variable.woff2 @ https://reactbits.dev/get-started/index:0
[ 2493949ms] [WARNING] OTS parsing error: invalid sfntVersion: 1008821359 @ https://reactbits.dev/get-started/index:0
[ 2493949ms] [WARNING] Failed to decode downloaded font: https://reactbits.dev/assets/css/geist/dist/fonts/geist-pixel/GeistPixel-Line.woff2 @ https://reactbits.dev/get-started/index:0
[ 2493949ms] [WARNING] OTS parsing error: invalid sfntVersion: 1008821359 @ https://reactbits.dev/get-started/index:0
[ 2493992ms] [WARNING] Failed to decode downloaded font: https://reactbits.dev/assets/css/geist/dist/fonts/geist-sans/Geist-Variable.woff2 @ https://reactbits.dev/get-started/index:0
[ 2493992ms] [WARNING] OTS parsing error: invalid sfntVersion: 1008821359 @ https://reactbits.dev/get-started/index:0
[ 2493992ms] [WARNING] Failed to decode downloaded font: https://reactbits.dev/assets/css/geist/dist/fonts/geist-mono/GeistMono-Variable.woff2 @ https://reactbits.dev/get-started/index:0
[ 2493992ms] [WARNING] OTS parsing error: invalid sfntVersion: 1008821359 @ https://reactbits.dev/get-started/index:0
[ 2493992ms] [WARNING] Failed to decode downloaded font: https://reactbits.dev/assets/css/geist/dist/fonts/geist-pixel/GeistPixel-Line.woff2 @ https://reactbits.dev/get-started/index:0
[ 2493992ms] [WARNING] OTS parsing error: invalid sfntVersion: 1008821359 @ https://reactbits.dev/get-started/index:0
[ 2494458ms] [WARNING] Failed to decode downloaded font: https://reactbits.dev/assets/css/geist/dist/fonts/geist-sans/Geist-Variable.woff2 @ https://reactbits.dev/get-started/index:0
[ 2494458ms] [WARNING] OTS parsing error: invalid sfntVersion: 1008821359 @ https://reactbits.dev/get-started/index:0
[ 2494458ms] [WARNING] Failed to decode downloaded font: https://reactbits.dev/assets/css/geist/dist/fonts/geist-mono/GeistMono-Variable.woff2 @ https://reactbits.dev/get-started/index:0
[ 2494458ms] [WARNING] OTS parsing error: invalid sfntVersion: 1008821359 @ https://reactbits.dev/get-started/index:0
[ 2494458ms] [WARNING] Failed to decode downloaded font: https://reactbits.dev/assets/css/geist/dist/fonts/geist-pixel/GeistPixel-Line.woff2 @ https://reactbits.dev/get-started/index:0
[ 2494458ms] [WARNING] OTS parsing error: invalid sfntVersion: 1008821359 @ https://reactbits.dev/get-started/index:0
[ 2494525ms] [WARNING] Failed to decode downloaded font: https://reactbits.dev/assets/css/geist/dist/fonts/geist-sans/Geist-Variable.woff2 @ https://reactbits.dev/get-started/index:0
[ 2494525ms] [WARNING] OTS parsing error: invalid sfntVersion: 1008821359 @ https://reactbits.dev/get-started/index:0
[ 2494525ms] [WARNING] Failed to decode downloaded font: https://reactbits.dev/assets/css/geist/dist/fonts/geist-mono/GeistMono-Variable.woff2 @ https://reactbits.dev/get-started/index:0
[ 2494525ms] [WARNING] OTS parsing error: invalid sfntVersion: 1008821359 @ https://reactbits.dev/get-started/index:0
[ 2494525ms] [WARNING] Failed to decode downloaded font: https://reactbits.dev/assets/css/geist/dist/fonts/geist-pixel/GeistPixel-Line.woff2 @ https://reactbits.dev/get-started/index:0
[ 2494525ms] [WARNING] OTS parsing error: invalid sfntVersion: 1008821359 @ https://reactbits.dev/get-started/index:0
[ 2494558ms] [WARNING] Failed to decode downloaded font: https://reactbits.dev/assets/css/geist/dist/fonts/geist-sans/Geist-Variable.woff2 @ https://reactbits.dev/get-started/index:0
[ 2494558ms] [WARNING] OTS parsing error: invalid sfntVersion: 1008821359 @ https://reactbits.dev/get-started/index:0
[ 2494558ms] [WARNING] Failed to decode downloaded font: https://reactbits.dev/assets/css/geist/dist/fonts/geist-mono/GeistMono-Variable.woff2 @ https://reactbits.dev/get-started/index:0
[ 2494558ms] [WARNING] OTS parsing error: invalid sfntVersion: 1008821359 @ https://reactbits.dev/get-started/index:0
[ 2494558ms] [WARNING] Failed to decode downloaded font: https://reactbits.dev/assets/css/geist/dist/fonts/geist-pixel/GeistPixel-Line.woff2 @ https://reactbits.dev/get-started/index:0
[ 2494558ms] [WARNING] OTS parsing error: invalid sfntVersion: 1008821359 @ https://reactbits.dev/get-started/index:0
[ 2495575ms] [WARNING] Failed to decode downloaded font: https://reactbits.dev/assets/css/geist/dist/fonts/geist-sans/Geist-Variable.woff2 @ https://reactbits.dev/get-started/index:0
[ 2495575ms] [WARNING] OTS parsing error: invalid sfntVersion: 1008821359 @ https://reactbits.dev/get-started/index:0
[ 2495575ms] [WARNING] Failed to decode downloaded font: https://reactbits.dev/assets/css/geist/dist/fonts/geist-mono/GeistMono-Variable.woff2 @ https://reactbits.dev/get-started/index:0
[ 2495575ms] [WARNING] OTS parsing error: invalid sfntVersion: 1008821359 @ https://reactbits.dev/get-started/index:0
[ 2495575ms] [WARNING] Failed to decode downloaded font: https://reactbits.dev/assets/css/geist/dist/fonts/geist-pixel/GeistPixel-Line.woff2 @ https://reactbits.dev/get-started/index:0
[ 2495575ms] [WARNING] OTS parsing error: invalid sfntVersion: 1008821359 @ https://reactbits.dev/get-started/index:0
[ 2495625ms] [WARNING] Failed to decode downloaded font: https://reactbits.dev/assets/css/geist/dist/fonts/geist-sans/Geist-Variable.woff2 @ https://reactbits.dev/get-started/index:0
[ 2495626ms] [WARNING] OTS parsing error: invalid sfntVersion: 1008821359 @ https://reactbits.dev/get-started/index:0
[ 2495626ms] [WARNING] Failed to decode downloaded font: https://reactbits.dev/assets/css/geist/dist/fonts/geist-mono/GeistMono-Variable.woff2 @ https://reactbits.dev/get-started/index:0
[ 2495626ms] [WARNING] OTS parsing error: invalid sfntVersion: 1008821359 @ https://reactbits.dev/get-started/index:0
[ 2495626ms] [WARNING] Failed to decode downloaded font: https://reactbits.dev/assets/css/geist/dist/fonts/geist-pixel/GeistPixel-Line.woff2 @ https://reactbits.dev/get-started/index:0
[ 2495626ms] [WARNING] OTS parsing error: invalid sfntVersion: 1008821359 @ https://reactbits.dev/get-started/index:0
[ 2495679ms] [WARNING] Failed to decode downloaded font: https://reactbits.dev/assets/css/geist/dist/fonts/geist-sans/Geist-Variable.woff2 @ https://reactbits.dev/get-started/index:0
[ 2495680ms] [WARNING] OTS parsing error: invalid sfntVersion: 1008821359 @ https://reactbits.dev/get-started/index:0
[ 2495680ms] [WARNING] Failed to decode downloaded font: https://reactbits.dev/assets/css/geist/dist/fonts/geist-mono/GeistMono-Variable.woff2 @ https://reactbits.dev/get-started/index:0
[ 2495680ms] [WARNING] OTS parsing error: invalid sfntVersion: 1008821359 @ https://reactbits.dev/get-started/index:0
[ 2495680ms] [WARNING] Failed to decode downloaded font: https://reactbits.dev/assets/css/geist/dist/fonts/geist-pixel/GeistPixel-Line.woff2 @ https://reactbits.dev/get-started/index:0
[ 2495680ms] [WARNING] OTS parsing error: invalid sfntVersion: 1008821359 @ https://reactbits.dev/get-started/index:0
[ 2495831ms] [WARNING] Failed to decode downloaded font: https://reactbits.dev/assets/css/geist/dist/fonts/geist-sans/Geist-Variable.woff2 @ https://reactbits.dev/get-started/index:0
[ 2495831ms] [WARNING] OTS parsing error: invalid sfntVersion: 1008821359 @ https://reactbits.dev/get-started/index:0
[ 2495831ms] [WARNING] Failed to decode downloaded font: https://reactbits.dev/assets/css/geist/dist/fonts/geist-mono/GeistMono-Variable.woff2 @ https://reactbits.dev/get-started/index:0
[ 2495831ms] [WARNING] OTS parsing error: invalid sfntVersion: 1008821359 @ https://reactbits.dev/get-started/index:0
[ 2495831ms] [WARNING] Failed to decode downloaded font: https://reactbits.dev/assets/css/geist/dist/fonts/geist-pixel/GeistPixel-Line.woff2 @ https://reactbits.dev/get-started/index:0
[ 2495831ms] [WARNING] OTS parsing error: invalid sfntVersion: 1008821359 @ https://reactbits.dev/get-started/index:0
[ 2497942ms] [WARNING] Failed to decode downloaded font: https://reactbits.dev/assets/css/geist/dist/fonts/geist-sans/Geist-Variable.woff2 @ https://reactbits.dev/get-started/index:0
[ 2497942ms] [WARNING] OTS parsing error: invalid sfntVersion: 1008821359 @ https://reactbits.dev/get-started/index:0
[ 2497942ms] [WARNING] Failed to decode downloaded font: https://reactbits.dev/assets/css/geist/dist/fonts/geist-mono/GeistMono-Variable.woff2 @ https://reactbits.dev/get-started/index:0
[ 2497942ms] [WARNING] OTS parsing error: invalid sfntVersion: 1008821359 @ https://reactbits.dev/get-started/index:0
[ 2497942ms] [WARNING] Failed to decode downloaded font: https://reactbits.dev/assets/css/geist/dist/fonts/geist-pixel/GeistPixel-Line.woff2 @ https://reactbits.dev/get-started/index:0
[ 2497942ms] [WARNING] OTS parsing error: invalid sfntVersion: 1008821359 @ https://reactbits.dev/get-started/index:0
[ 2497957ms] [WARNING] Failed to decode downloaded font: https://reactbits.dev/assets/css/geist/dist/fonts/geist-sans/Geist-Variable.woff2 @ https://reactbits.dev/get-started/index:0
[ 2497958ms] [WARNING] OTS parsing error: invalid sfntVersion: 1008821359 @ https://reactbits.dev/get-started/index:0
[ 2497958ms] [WARNING] Failed to decode downloaded font: https://reactbits.dev/assets/css/geist/dist/fonts/geist-mono/GeistMono-Variable.woff2 @ https://reactbits.dev/get-started/index:0
[ 2497958ms] [WARNING] OTS parsing error: invalid sfntVersion: 1008821359 @ https://reactbits.dev/get-started/index:0
[ 2497958ms] [WARNING] Failed to decode downloaded font: https://reactbits.dev/assets/css/geist/dist/fonts/geist-pixel/GeistPixel-Line.woff2 @ https://reactbits.dev/get-started/index:0
[ 2497958ms] [WARNING] OTS parsing error: invalid sfntVersion: 1008821359 @ https://reactbits.dev/get-started/index:0
[ 2498025ms] [WARNING] Failed to decode downloaded font: https://reactbits.dev/assets/css/geist/dist/fonts/geist-sans/Geist-Variable.woff2 @ https://reactbits.dev/get-started/index:0
[ 2498025ms] [WARNING] OTS parsing error: invalid sfntVersion: 1008821359 @ https://reactbits.dev/get-started/index:0
[ 2498025ms] [WARNING] Failed to decode downloaded font: https://reactbits.dev/assets/css/geist/dist/fonts/geist-mono/GeistMono-Variable.woff2 @ https://reactbits.dev/get-started/index:0
[ 2498025ms] [WARNING] OTS parsing error: invalid sfntVersion: 1008821359 @ https://reactbits.dev/get-started/index:0
[ 2498025ms] [WARNING] Failed to decode downloaded font: https://reactbits.dev/assets/css/geist/dist/fonts/geist-pixel/GeistPixel-Line.woff2 @ https://reactbits.dev/get-started/index:0
[ 2498025ms] [WARNING] OTS parsing error: invalid sfntVersion: 1008821359 @ https://reactbits.dev/get-started/index:0
[ 2500725ms] [WARNING] Failed to decode downloaded font: https://reactbits.dev/assets/css/geist/dist/fonts/geist-sans/Geist-Variable.woff2 @ https://reactbits.dev/get-started/index:0
[ 2500725ms] [WARNING] OTS parsing error: invalid sfntVersion: 1008821359 @ https://reactbits.dev/get-started/index:0
[ 2500725ms] [WARNING] Failed to decode downloaded font: https://reactbits.dev/assets/css/geist/dist/fonts/geist-mono/GeistMono-Variable.woff2 @ https://reactbits.dev/get-started/index:0
[ 2500725ms] [WARNING] OTS parsing error: invalid sfntVersion: 1008821359 @ https://reactbits.dev/get-started/index:0
[ 2500725ms] [WARNING] Failed to decode downloaded font: https://reactbits.dev/assets/css/geist/dist/fonts/geist-pixel/GeistPixel-Line.woff2 @ https://reactbits.dev/get-started/index:0
[ 2500725ms] [WARNING] OTS parsing error: invalid sfntVersion: 1008821359 @ https://reactbits.dev/get-started/index:0
[ 2501676ms] [WARNING] Failed to decode downloaded font: https://reactbits.dev/assets/css/geist/dist/fonts/geist-sans/Geist-Variable.woff2 @ https://reactbits.dev/get-started/index:0
[ 2501676ms] [WARNING] OTS parsing error: invalid sfntVersion: 1008821359 @ https://reactbits.dev/get-started/index:0
[ 2501676ms] [WARNING] Failed to decode downloaded font: https://reactbits.dev/assets/css/geist/dist/fonts/geist-mono/GeistMono-Variable.woff2 @ https://reactbits.dev/get-started/index:0
[ 2501676ms] [WARNING] OTS parsing error: invalid sfntVersion: 1008821359 @ https://reactbits.dev/get-started/index:0
[ 2501676ms] [WARNING] Failed to decode downloaded font: https://reactbits.dev/assets/css/geist/dist/fonts/geist-pixel/GeistPixel-Line.woff2 @ https://reactbits.dev/get-started/index:0
[ 2501676ms] [WARNING] OTS parsing error: invalid sfntVersion: 1008821359 @ https://reactbits.dev/get-started/index:0
[ 2502927ms] [WARNING] Failed to decode downloaded font: https://reactbits.dev/assets/css/geist/dist/fonts/geist-sans/Geist-Variable.woff2 @ https://reactbits.dev/get-started/index:0
[ 2502927ms] [WARNING] OTS parsing error: invalid sfntVersion: 1008821359 @ https://reactbits.dev/get-started/index:0
[ 2502927ms] [WARNING] Failed to decode downloaded font: https://reactbits.dev/assets/css/geist/dist/fonts/geist-mono/GeistMono-Variable.woff2 @ https://reactbits.dev/get-started/index:0
[ 2502927ms] [WARNING] OTS parsing error: invalid sfntVersion: 1008821359 @ https://reactbits.dev/get-started/index:0
[ 2502927ms] [WARNING] Failed to decode downloaded font: https://reactbits.dev/assets/css/geist/dist/fonts/geist-pixel/GeistPixel-Line.woff2 @ https://reactbits.dev/get-started/index:0
[ 2502927ms] [WARNING] OTS parsing error: invalid sfntVersion: 1008821359 @ https://reactbits.dev/get-started/index:0
[ 2503117ms] [WARNING] Failed to decode downloaded font: https://reactbits.dev/assets/css/geist/dist/fonts/geist-sans/Geist-Variable.woff2 @ https://reactbits.dev/get-started/index:0
[ 2503117ms] [WARNING] OTS parsing error: invalid sfntVersion: 1008821359 @ https://reactbits.dev/get-started/index:0
[ 2503117ms] [WARNING] Failed to decode downloaded font: https://reactbits.dev/assets/css/geist/dist/fonts/geist-mono/GeistMono-Variable.woff2 @ https://reactbits.dev/get-started/index:0
[ 2503117ms] [WARNING] OTS parsing error: invalid sfntVersion: 1008821359 @ https://reactbits.dev/get-started/index:0
[ 2503117ms] [WARNING] Failed to decode downloaded font: https://reactbits.dev/assets/css/geist/dist/fonts/geist-pixel/GeistPixel-Line.woff2 @ https://reactbits.dev/get-started/index:0
[ 2503117ms] [WARNING] OTS parsing error: invalid sfntVersion: 1008821359 @ https://reactbits.dev/get-started/index:0
[ 2503160ms] [WARNING] Failed to decode downloaded font: https://reactbits.dev/assets/css/geist/dist/fonts/geist-sans/Geist-Variable.woff2 @ https://reactbits.dev/get-started/index:0
[ 2503160ms] [WARNING] OTS parsing error: invalid sfntVersion: 1008821359 @ https://reactbits.dev/get-started/index:0
[ 2503160ms] [WARNING] Failed to decode downloaded font: https://reactbits.dev/assets/css/geist/dist/fonts/geist-mono/GeistMono-Variable.woff2 @ https://reactbits.dev/get-started/index:0
[ 2503160ms] [WARNING] OTS parsing error: invalid sfntVersion: 1008821359 @ https://reactbits.dev/get-started/index:0
[ 2503160ms] [WARNING] Failed to decode downloaded font: https://reactbits.dev/assets/css/geist/dist/fonts/geist-pixel/GeistPixel-Line.woff2 @ https://reactbits.dev/get-started/index:0
[ 2503160ms] [WARNING] OTS parsing error: invalid sfntVersion: 1008821359 @ https://reactbits.dev/get-started/index:0
[ 2503281ms] [WARNING] Failed to decode downloaded font: https://reactbits.dev/assets/css/geist/dist/fonts/geist-sans/Geist-Variable.woff2 @ https://reactbits.dev/get-started/index:0
[ 2503281ms] [WARNING] OTS parsing error: invalid sfntVersion: 1008821359 @ https://reactbits.dev/get-started/index:0
[ 2503281ms] [WARNING] Failed to decode downloaded font: https://reactbits.dev/assets/css/geist/dist/fonts/geist-mono/GeistMono-Variable.woff2 @ https://reactbits.dev/get-started/index:0
[ 2503281ms] [WARNING] OTS parsing error: invalid sfntVersion: 1008821359 @ https://reactbits.dev/get-started/index:0
[ 2503281ms] [WARNING] Failed to decode downloaded font: https://reactbits.dev/assets/css/geist/dist/fonts/geist-pixel/GeistPixel-Line.woff2 @ https://reactbits.dev/get-started/index:0
[ 2503281ms] [WARNING] OTS parsing error: invalid sfntVersion: 1008821359 @ https://reactbits.dev/get-started/index:0
[ 2503429ms] [WARNING] Failed to decode downloaded font: https://reactbits.dev/assets/css/geist/dist/fonts/geist-sans/Geist-Variable.woff2 @ https://reactbits.dev/get-started/index:0
[ 2503430ms] [WARNING] OTS parsing error: invalid sfntVersion: 1008821359 @ https://reactbits.dev/get-started/index:0
[ 2503430ms] [WARNING] Failed to decode downloaded font: https://reactbits.dev/assets/css/geist/dist/fonts/geist-mono/GeistMono-Variable.woff2 @ https://reactbits.dev/get-started/index:0
[ 2503430ms] [WARNING] OTS parsing error: invalid sfntVersion: 1008821359 @ https://reactbits.dev/get-started/index:0
[ 2503430ms] [WARNING] Failed to decode downloaded font: https://reactbits.dev/assets/css/geist/dist/fonts/geist-pixel/GeistPixel-Line.woff2 @ https://reactbits.dev/get-started/index:0
[ 2503430ms] [WARNING] OTS parsing error: invalid sfntVersion: 1008821359 @ https://reactbits.dev/get-started/index:0
[ 2503546ms] [WARNING] Failed to decode downloaded font: https://reactbits.dev/assets/css/geist/dist/fonts/geist-sans/Geist-Variable.woff2 @ https://reactbits.dev/get-started/index:0
[ 2503546ms] [WARNING] OTS parsing error: invalid sfntVersion: 1008821359 @ https://reactbits.dev/get-started/index:0
[ 2503546ms] [WARNING] Failed to decode downloaded font: https://reactbits.dev/assets/css/geist/dist/fonts/geist-mono/GeistMono-Variable.woff2 @ https://reactbits.dev/get-started/index:0
[ 2503546ms] [WARNING] OTS parsing error: invalid sfntVersion: 1008821359 @ https://reactbits.dev/get-started/index:0
[ 2503546ms] [WARNING] Failed to decode downloaded font: https://reactbits.dev/assets/css/geist/dist/fonts/geist-pixel/GeistPixel-Line.woff2 @ https://reactbits.dev/get-started/index:0
[ 2503546ms] [WARNING] OTS parsing error: invalid sfntVersion: 1008821359 @ https://reactbits.dev/get-started/index:0
[ 2503829ms] [WARNING] Failed to decode downloaded font: https://reactbits.dev/assets/css/geist/dist/fonts/geist-sans/Geist-Variable.woff2 @ https://reactbits.dev/get-started/index:0
[ 2503829ms] [WARNING] OTS parsing error: invalid sfntVersion: 1008821359 @ https://reactbits.dev/get-started/index:0
[ 2503829ms] [WARNING] Failed to decode downloaded font: https://reactbits.dev/assets/css/geist/dist/fonts/geist-mono/GeistMono-Variable.woff2 @ https://reactbits.dev/get-started/index:0
[ 2503829ms] [WARNING] OTS parsing error: invalid sfntVersion: 1008821359 @ https://reactbits.dev/get-started/index:0
[ 2503829ms] [WARNING] Failed to decode downloaded font: https://reactbits.dev/assets/css/geist/dist/fonts/geist-pixel/GeistPixel-Line.woff2 @ https://reactbits.dev/get-started/index:0
[ 2503829ms] [WARNING] OTS parsing error: invalid sfntVersion: 1008821359 @ https://reactbits.dev/get-started/index:0
[ 2504880ms] [WARNING] Failed to decode downloaded font: https://reactbits.dev/assets/css/geist/dist/fonts/geist-sans/Geist-Variable.woff2 @ https://reactbits.dev/get-started/index:0
[ 2504880ms] [WARNING] OTS parsing error: invalid sfntVersion: 1008821359 @ https://reactbits.dev/get-started/index:0
[ 2504880ms] [WARNING] Failed to decode downloaded font: https://reactbits.dev/assets/css/geist/dist/fonts/geist-mono/GeistMono-Variable.woff2 @ https://reactbits.dev/get-started/index:0
[ 2504880ms] [WARNING] OTS parsing error: invalid sfntVersion: 1008821359 @ https://reactbits.dev/get-started/index:0
[ 2504880ms] [WARNING] Failed to decode downloaded font: https://reactbits.dev/assets/css/geist/dist/fonts/geist-pixel/GeistPixel-Line.woff2 @ https://reactbits.dev/get-started/index:0
[ 2504880ms] [WARNING] OTS parsing error: invalid sfntVersion: 1008821359 @ https://reactbits.dev/get-started/index:0
[ 2505096ms] [WARNING] Failed to decode downloaded font: https://reactbits.dev/assets/css/geist/dist/fonts/geist-sans/Geist-Variable.woff2 @ https://reactbits.dev/get-started/index:0
[ 2505096ms] [WARNING] OTS parsing error: invalid sfntVersion: 1008821359 @ https://reactbits.dev/get-started/index:0
[ 2505096ms] [WARNING] Failed to decode downloaded font: https://reactbits.dev/assets/css/geist/dist/fonts/geist-mono/GeistMono-Variable.woff2 @ https://reactbits.dev/get-started/index:0
[ 2505096ms] [WARNING] OTS parsing error: invalid sfntVersion: 1008821359 @ https://reactbits.dev/get-started/index:0
[ 2505096ms] [WARNING] Failed to decode downloaded font: https://reactbits.dev/assets/css/geist/dist/fonts/geist-pixel/GeistPixel-Line.woff2 @ https://reactbits.dev/get-started/index:0
[ 2505096ms] [WARNING] OTS parsing error: invalid sfntVersion: 1008821359 @ https://reactbits.dev/get-started/index:0
[ 2505146ms] [WARNING] Failed to decode downloaded font: https://reactbits.dev/assets/css/geist/dist/fonts/geist-sans/Geist-Variable.woff2 @ https://reactbits.dev/get-started/index:0
[ 2505146ms] [WARNING] OTS parsing error: invalid sfntVersion: 1008821359 @ https://reactbits.dev/get-started/index:0
[ 2505146ms] [WARNING] Failed to decode downloaded font: https://reactbits.dev/assets/css/geist/dist/fonts/geist-mono/GeistMono-Variable.woff2 @ https://reactbits.dev/get-started/index:0
[ 2505146ms] [WARNING] OTS parsing error: invalid sfntVersion: 1008821359 @ https://reactbits.dev/get-started/index:0
[ 2505146ms] [WARNING] Failed to decode downloaded font: https://reactbits.dev/assets/css/geist/dist/fonts/geist-pixel/GeistPixel-Line.woff2 @ https://reactbits.dev/get-started/index:0
[ 2505146ms] [WARNING] OTS parsing error: invalid sfntVersion: 1008821359 @ https://reactbits.dev/get-started/index:0
[ 2505664ms] [WARNING] Failed to decode downloaded font: https://reactbits.dev/assets/css/geist/dist/fonts/geist-sans/Geist-Variable.woff2 @ https://reactbits.dev/get-started/index:0
[ 2505664ms] [WARNING] OTS parsing error: invalid sfntVersion: 1008821359 @ https://reactbits.dev/get-started/index:0
[ 2505665ms] [WARNING] Failed to decode downloaded font: https://reactbits.dev/assets/css/geist/dist/fonts/geist-mono/GeistMono-Variable.woff2 @ https://reactbits.dev/get-started/index:0
[ 2505665ms] [WARNING] OTS parsing error: invalid sfntVersion: 1008821359 @ https://reactbits.dev/get-started/index:0
[ 2505665ms] [WARNING] Failed to decode downloaded font: https://reactbits.dev/assets/css/geist/dist/fonts/geist-pixel/GeistPixel-Line.woff2 @ https://reactbits.dev/get-started/index:0
[ 2505665ms] [WARNING] OTS parsing error: invalid sfntVersion: 1008821359 @ https://reactbits.dev/get-started/index:0
[ 2512998ms] [WARNING] Failed to decode downloaded font: https://reactbits.dev/assets/css/geist/dist/fonts/geist-sans/Geist-Variable.woff2 @ https://reactbits.dev/get-started/index:0
[ 2512998ms] [WARNING] OTS parsing error: invalid sfntVersion: 1008821359 @ https://reactbits.dev/get-started/index:0
[ 2512998ms] [WARNING] Failed to decode downloaded font: https://reactbits.dev/assets/css/geist/dist/fonts/geist-mono/GeistMono-Variable.woff2 @ https://reactbits.dev/get-started/index:0
[ 2512998ms] [WARNING] OTS parsing error: invalid sfntVersion: 1008821359 @ https://reactbits.dev/get-started/index:0
[ 2512998ms] [WARNING] Failed to decode downloaded font: https://reactbits.dev/assets/css/geist/dist/fonts/geist-pixel/GeistPixel-Line.woff2 @ https://reactbits.dev/get-started/index:0
[ 2512998ms] [WARNING] OTS parsing error: invalid sfntVersion: 1008821359 @ https://reactbits.dev/get-started/index:0
[ 2513198ms] [WARNING] Failed to decode downloaded font: https://reactbits.dev/assets/css/geist/dist/fonts/geist-sans/Geist-Variable.woff2 @ https://reactbits.dev/get-started/index:0
[ 2513198ms] [WARNING] OTS parsing error: invalid sfntVersion: 1008821359 @ https://reactbits.dev/get-started/index:0
[ 2513198ms] [WARNING] Failed to decode downloaded font: https://reactbits.dev/assets/css/geist/dist/fonts/geist-mono/GeistMono-Variable.woff2 @ https://reactbits.dev/get-started/index:0
[ 2513198ms] [WARNING] OTS parsing error: invalid sfntVersion: 1008821359 @ https://reactbits.dev/get-started/index:0
[ 2513198ms] [WARNING] Failed to decode downloaded font: https://reactbits.dev/assets/css/geist/dist/fonts/geist-pixel/GeistPixel-Line.woff2 @ https://reactbits.dev/get-started/index:0
[ 2513198ms] [WARNING] OTS parsing error: invalid sfntVersion: 1008821359 @ https://reactbits.dev/get-started/index:0
[ 2514416ms] [WARNING] Failed to decode downloaded font: https://reactbits.dev/assets/css/geist/dist/fonts/geist-sans/Geist-Variable.woff2 @ https://reactbits.dev/get-started/index:0
[ 2514416ms] [WARNING] OTS parsing error: invalid sfntVersion: 1008821359 @ https://reactbits.dev/get-started/index:0
[ 2514416ms] [WARNING] Failed to decode downloaded font: https://reactbits.dev/assets/css/geist/dist/fonts/geist-mono/GeistMono-Variable.woff2 @ https://reactbits.dev/get-started/index:0
[ 2514416ms] [WARNING] OTS parsing error: invalid sfntVersion: 1008821359 @ https://reactbits.dev/get-started/index:0
[ 2514416ms] [WARNING] Failed to decode downloaded font: https://reactbits.dev/assets/css/geist/dist/fonts/geist-pixel/GeistPixel-Line.woff2 @ https://reactbits.dev/get-started/index:0
[ 2514416ms] [WARNING] OTS parsing error: invalid sfntVersion: 1008821359 @ https://reactbits.dev/get-started/index:0
[ 2515083ms] [WARNING] Failed to decode downloaded font: https://reactbits.dev/assets/css/geist/dist/fonts/geist-sans/Geist-Variable.woff2 @ https://reactbits.dev/get-started/index:0
[ 2515083ms] [WARNING] OTS parsing error: invalid sfntVersion: 1008821359 @ https://reactbits.dev/get-started/index:0
[ 2515083ms] [WARNING] Failed to decode downloaded font: https://reactbits.dev/assets/css/geist/dist/fonts/geist-mono/GeistMono-Variable.woff2 @ https://reactbits.dev/get-started/index:0
[ 2515083ms] [WARNING] OTS parsing error: invalid sfntVersion: 1008821359 @ https://reactbits.dev/get-started/index:0
[ 2515083ms] [WARNING] Failed to decode downloaded font: https://reactbits.dev/assets/css/geist/dist/fonts/geist-pixel/GeistPixel-Line.woff2 @ https://reactbits.dev/get-started/index:0
[ 2515083ms] [WARNING] OTS parsing error: invalid sfntVersion: 1008821359 @ https://reactbits.dev/get-started/index:0
[ 2516466ms] [WARNING] Failed to decode downloaded font: https://reactbits.dev/assets/css/geist/dist/fonts/geist-sans/Geist-Variable.woff2 @ https://reactbits.dev/get-started/index:0
[ 2516466ms] [WARNING] OTS parsing error: invalid sfntVersion: 1008821359 @ https://reactbits.dev/get-started/index:0
[ 2516466ms] [WARNING] Failed to decode downloaded font: https://reactbits.dev/assets/css/geist/dist/fonts/geist-mono/GeistMono-Variable.woff2 @ https://reactbits.dev/get-started/index:0
[ 2516466ms] [WARNING] OTS parsing error: invalid sfntVersion: 1008821359 @ https://reactbits.dev/get-started/index:0
[ 2516466ms] [WARNING] Failed to decode downloaded font: https://reactbits.dev/assets/css/geist/dist/fonts/geist-pixel/GeistPixel-Line.woff2 @ https://reactbits.dev/get-started/index:0
[ 2516466ms] [WARNING] OTS parsing error: invalid sfntVersion: 1008821359 @ https://reactbits.dev/get-started/index:0
[ 2516550ms] [WARNING] Failed to decode downloaded font: https://reactbits.dev/assets/css/geist/dist/fonts/geist-sans/Geist-Variable.woff2 @ https://reactbits.dev/get-started/index:0
[ 2516550ms] [WARNING] OTS parsing error: invalid sfntVersion: 1008821359 @ https://reactbits.dev/get-started/index:0
[ 2516550ms] [WARNING] Failed to decode downloaded font: https://reactbits.dev/assets/css/geist/dist/fonts/geist-mono/GeistMono-Variable.woff2 @ https://reactbits.dev/get-started/index:0
[ 2516550ms] [WARNING] OTS parsing error: invalid sfntVersion: 1008821359 @ https://reactbits.dev/get-started/index:0
[ 2516550ms] [WARNING] Failed to decode downloaded font: https://reactbits.dev/assets/css/geist/dist/fonts/geist-pixel/GeistPixel-Line.woff2 @ https://reactbits.dev/get-started/index:0
[ 2516550ms] [WARNING] OTS parsing error: invalid sfntVersion: 1008821359 @ https://reactbits.dev/get-started/index:0
[ 2516750ms] [WARNING] Failed to decode downloaded font: https://reactbits.dev/assets/css/geist/dist/fonts/geist-sans/Geist-Variable.woff2 @ https://reactbits.dev/get-started/index:0
[ 2516750ms] [WARNING] OTS parsing error: invalid sfntVersion: 1008821359 @ https://reactbits.dev/get-started/index:0
[ 2516750ms] [WARNING] Failed to decode downloaded font: https://reactbits.dev/assets/css/geist/dist/fonts/geist-mono/GeistMono-Variable.woff2 @ https://reactbits.dev/get-started/index:0
[ 2516750ms] [WARNING] OTS parsing error: invalid sfntVersion: 1008821359 @ https://reactbits.dev/get-started/index:0
[ 2516750ms] [WARNING] Failed to decode downloaded font: https://reactbits.dev/assets/css/geist/dist/fonts/geist-pixel/GeistPixel-Line.woff2 @ https://reactbits.dev/get-started/index:0
[ 2516750ms] [WARNING] OTS parsing error: invalid sfntVersion: 1008821359 @ https://reactbits.dev/get-started/index:0
[ 2520052ms] [WARNING] Failed to decode downloaded font: https://reactbits.dev/assets/css/geist/dist/fonts/geist-sans/Geist-Variable.woff2 @ https://reactbits.dev/get-started/index:0
[ 2520052ms] [WARNING] OTS parsing error: invalid sfntVersion: 1008821359 @ https://reactbits.dev/get-started/index:0
[ 2520052ms] [WARNING] Failed to decode downloaded font: https://reactbits.dev/assets/css/geist/dist/fonts/geist-mono/GeistMono-Variable.woff2 @ https://reactbits.dev/get-started/index:0
[ 2520052ms] [WARNING] OTS parsing error: invalid sfntVersion: 1008821359 @ https://reactbits.dev/get-started/index:0
[ 2520052ms] [WARNING] Failed to decode downloaded font: https://reactbits.dev/assets/css/geist/dist/fonts/geist-pixel/GeistPixel-Line.woff2 @ https://reactbits.dev/get-started/index:0
[ 2520052ms] [WARNING] OTS parsing error: invalid sfntVersion: 1008821359 @ https://reactbits.dev/get-started/index:0
[ 2520169ms] [WARNING] Failed to decode downloaded font: https://reactbits.dev/assets/css/geist/dist/fonts/geist-sans/Geist-Variable.woff2 @ https://reactbits.dev/get-started/index:0
[ 2520169ms] [WARNING] OTS parsing error: invalid sfntVersion: 1008821359 @ https://reactbits.dev/get-started/index:0
[ 2520169ms] [WARNING] Failed to decode downloaded font: https://reactbits.dev/assets/css/geist/dist/fonts/geist-mono/GeistMono-Variable.woff2 @ https://reactbits.dev/get-started/index:0
[ 2520169ms] [WARNING] OTS parsing error: invalid sfntVersion: 1008821359 @ https://reactbits.dev/get-started/index:0
[ 2520169ms] [WARNING] Failed to decode downloaded font: https://reactbits.dev/assets/css/geist/dist/fonts/geist-pixel/GeistPixel-Line.woff2 @ https://reactbits.dev/get-started/index:0
[ 2520169ms] [WARNING] OTS parsing error: invalid sfntVersion: 1008821359 @ https://reactbits.dev/get-started/index:0
[ 2520219ms] [WARNING] Failed to decode downloaded font: https://reactbits.dev/assets/css/geist/dist/fonts/geist-sans/Geist-Variable.woff2 @ https://reactbits.dev/get-started/index:0
[ 2520219ms] [WARNING] OTS parsing error: invalid sfntVersion: 1008821359 @ https://reactbits.dev/get-started/index:0
[ 2520219ms] [WARNING] Failed to decode downloaded font: https://reactbits.dev/assets/css/geist/dist/fonts/geist-mono/GeistMono-Variable.woff2 @ https://reactbits.dev/get-started/index:0
[ 2520219ms] [WARNING] OTS parsing error: invalid sfntVersion: 1008821359 @ https://reactbits.dev/get-started/index:0
[ 2520219ms] [WARNING] Failed to decode downloaded font: https://reactbits.dev/assets/css/geist/dist/fonts/geist-pixel/GeistPixel-Line.woff2 @ https://reactbits.dev/get-started/index:0
[ 2520219ms] [WARNING] OTS parsing error: invalid sfntVersion: 1008821359 @ https://reactbits.dev/get-started/index:0
[ 2520401ms] [WARNING] Failed to decode downloaded font: https://reactbits.dev/assets/css/geist/dist/fonts/geist-sans/Geist-Variable.woff2 @ https://reactbits.dev/get-started/index:0
[ 2520401ms] [WARNING] OTS parsing error: invalid sfntVersion: 1008821359 @ https://reactbits.dev/get-started/index:0
[ 2520401ms] [WARNING] Failed to decode downloaded font: https://reactbits.dev/assets/css/geist/dist/fonts/geist-mono/GeistMono-Variable.woff2 @ https://reactbits.dev/get-started/index:0
[ 2520401ms] [WARNING] OTS parsing error: invalid sfntVersion: 1008821359 @ https://reactbits.dev/get-started/index:0
[ 2520401ms] [WARNING] Failed to decode downloaded font: https://reactbits.dev/assets/css/geist/dist/fonts/geist-pixel/GeistPixel-Line.woff2 @ https://reactbits.dev/get-started/index:0
[ 2520401ms] [WARNING] OTS parsing error: invalid sfntVersion: 1008821359 @ https://reactbits.dev/get-started/index:0
[ 2524904ms] [WARNING] Failed to decode downloaded font: https://reactbits.dev/assets/css/geist/dist/fonts/geist-sans/Geist-Variable.woff2 @ https://reactbits.dev/get-started/index:0
[ 2524904ms] [WARNING] OTS parsing error: invalid sfntVersion: 1008821359 @ https://reactbits.dev/get-started/index:0
[ 2524904ms] [WARNING] Failed to decode downloaded font: https://reactbits.dev/assets/css/geist/dist/fonts/geist-mono/GeistMono-Variable.woff2 @ https://reactbits.dev/get-started/index:0
[ 2524904ms] [WARNING] OTS parsing error: invalid sfntVersion: 1008821359 @ https://reactbits.dev/get-started/index:0
[ 2524904ms] [WARNING] Failed to decode downloaded font: https://reactbits.dev/assets/css/geist/dist/fonts/geist-pixel/GeistPixel-Line.woff2 @ https://reactbits.dev/get-started/index:0
[ 2524904ms] [WARNING] OTS parsing error: invalid sfntVersion: 1008821359 @ https://reactbits.dev/get-started/index:0
[ 2525239ms] [WARNING] Failed to decode downloaded font: https://reactbits.dev/assets/css/geist/dist/fonts/geist-sans/Geist-Variable.woff2 @ https://reactbits.dev/get-started/index:0
[ 2525239ms] [WARNING] OTS parsing error: invalid sfntVersion: 1008821359 @ https://reactbits.dev/get-started/index:0
[ 2525239ms] [WARNING] Failed to decode downloaded font: https://reactbits.dev/assets/css/geist/dist/fonts/geist-mono/GeistMono-Variable.woff2 @ https://reactbits.dev/get-started/index:0
[ 2525239ms] [WARNING] OTS parsing error: invalid sfntVersion: 1008821359 @ https://reactbits.dev/get-started/index:0
[ 2525239ms] [WARNING] Failed to decode downloaded font: https://reactbits.dev/assets/css/geist/dist/fonts/geist-pixel/GeistPixel-Line.woff2 @ https://reactbits.dev/get-started/index:0
[ 2525239ms] [WARNING] OTS parsing error: invalid sfntVersion: 1008821359 @ https://reactbits.dev/get-started/index:0
[ 2525270ms] [WARNING] Failed to decode downloaded font: https://reactbits.dev/assets/css/geist/dist/fonts/geist-sans/Geist-Variable.woff2 @ https://reactbits.dev/get-started/index:0
[ 2525270ms] [WARNING] OTS parsing error: invalid sfntVersion: 1008821359 @ https://reactbits.dev/get-started/index:0
[ 2525270ms] [WARNING] Failed to decode downloaded font: https://reactbits.dev/assets/css/geist/dist/fonts/geist-mono/GeistMono-Variable.woff2 @ https://reactbits.dev/get-started/index:0
[ 2525270ms] [WARNING] OTS parsing error: invalid sfntVersion: 1008821359 @ https://reactbits.dev/get-started/index:0
[ 2525270ms] [WARNING] Failed to decode downloaded font: https://reactbits.dev/assets/css/geist/dist/fonts/geist-pixel/GeistPixel-Line.woff2 @ https://reactbits.dev/get-started/index:0
[ 2525270ms] [WARNING] OTS parsing error: invalid sfntVersion: 1008821359 @ https://reactbits.dev/get-started/index:0
[ 2525335ms] [WARNING] Failed to decode downloaded font: https://reactbits.dev/assets/css/geist/dist/fonts/geist-sans/Geist-Variable.woff2 @ https://reactbits.dev/get-started/index:0
[ 2525335ms] [WARNING] OTS parsing error: invalid sfntVersion: 1008821359 @ https://reactbits.dev/get-started/index:0
[ 2525336ms] [WARNING] Failed to decode downloaded font: https://reactbits.dev/assets/css/geist/dist/fonts/geist-mono/GeistMono-Variable.woff2 @ https://reactbits.dev/get-started/index:0
[ 2525336ms] [WARNING] OTS parsing error: invalid sfntVersion: 1008821359 @ https://reactbits.dev/get-started/index:0
[ 2525336ms] [WARNING] Failed to decode downloaded font: https://reactbits.dev/assets/css/geist/dist/fonts/geist-pixel/GeistPixel-Line.woff2 @ https://reactbits.dev/get-started/index:0
[ 2525336ms] [WARNING] OTS parsing error: invalid sfntVersion: 1008821359 @ https://reactbits.dev/get-started/index:0
[ 2525519ms] [WARNING] Failed to decode downloaded font: https://reactbits.dev/assets/css/geist/dist/fonts/geist-sans/Geist-Variable.woff2 @ https://reactbits.dev/get-started/index:0
[ 2525519ms] [WARNING] OTS parsing error: invalid sfntVersion: 1008821359 @ https://reactbits.dev/get-started/index:0
[ 2525520ms] [WARNING] Failed to decode downloaded font: https://reactbits.dev/assets/css/geist/dist/fonts/geist-mono/GeistMono-Variable.woff2 @ https://reactbits.dev/get-started/index:0
[ 2525520ms] [WARNING] OTS parsing error: invalid sfntVersion: 1008821359 @ https://reactbits.dev/get-started/index:0
[ 2525520ms] [WARNING] Failed to decode downloaded font: https://reactbits.dev/assets/css/geist/dist/fonts/geist-pixel/GeistPixel-Line.woff2 @ https://reactbits.dev/get-started/index:0
[ 2525520ms] [WARNING] OTS parsing error: invalid sfntVersion: 1008821359 @ https://reactbits.dev/get-started/index:0
[ 2525718ms] [WARNING] Failed to decode downloaded font: https://reactbits.dev/assets/css/geist/dist/fonts/geist-sans/Geist-Variable.woff2 @ https://reactbits.dev/get-started/index:0
[ 2525718ms] [WARNING] OTS parsing error: invalid sfntVersion: 1008821359 @ https://reactbits.dev/get-started/index:0
[ 2525718ms] [WARNING] Failed to decode downloaded font: https://reactbits.dev/assets/css/geist/dist/fonts/geist-mono/GeistMono-Variable.woff2 @ https://reactbits.dev/get-started/index:0
[ 2525718ms] [WARNING] OTS parsing error: invalid sfntVersion: 1008821359 @ https://reactbits.dev/get-started/index:0
[ 2525718ms] [WARNING] Failed to decode downloaded font: https://reactbits.dev/assets/css/geist/dist/fonts/geist-pixel/GeistPixel-Line.woff2 @ https://reactbits.dev/get-started/index:0
[ 2525718ms] [WARNING] OTS parsing error: invalid sfntVersion: 1008821359 @ https://reactbits.dev/get-started/index:0
[ 2525841ms] [WARNING] Failed to decode downloaded font: https://reactbits.dev/assets/css/geist/dist/fonts/geist-sans/Geist-Variable.woff2 @ https://reactbits.dev/get-started/index:0
[ 2525841ms] [WARNING] OTS parsing error: invalid sfntVersion: 1008821359 @ https://reactbits.dev/get-started/index:0
[ 2525841ms] [WARNING] Failed to decode downloaded font: https://reactbits.dev/assets/css/geist/dist/fonts/geist-mono/GeistMono-Variable.woff2 @ https://reactbits.dev/get-started/index:0
[ 2525841ms] [WARNING] OTS parsing error: invalid sfntVersion: 1008821359 @ https://reactbits.dev/get-started/index:0
[ 2525841ms] [WARNING] Failed to decode downloaded font: https://reactbits.dev/assets/css/geist/dist/fonts/geist-pixel/GeistPixel-Line.woff2 @ https://reactbits.dev/get-started/index:0
[ 2525841ms] [WARNING] OTS parsing error: invalid sfntVersion: 1008821359 @ https://reactbits.dev/get-started/index:0
[ 2526008ms] [WARNING] Failed to decode downloaded font: https://reactbits.dev/assets/css/geist/dist/fonts/geist-sans/Geist-Variable.woff2 @ https://reactbits.dev/get-started/index:0
[ 2526008ms] [WARNING] OTS parsing error: invalid sfntVersion: 1008821359 @ https://reactbits.dev/get-started/index:0
[ 2526008ms] [WARNING] Failed to decode downloaded font: https://reactbits.dev/assets/css/geist/dist/fonts/geist-mono/GeistMono-Variable.woff2 @ https://reactbits.dev/get-started/index:0
[ 2526008ms] [WARNING] OTS parsing error: invalid sfntVersion: 1008821359 @ https://reactbits.dev/get-started/index:0
[ 2526008ms] [WARNING] Failed to decode downloaded font: https://reactbits.dev/assets/css/geist/dist/fonts/geist-pixel/GeistPixel-Line.woff2 @ https://reactbits.dev/get-started/index:0
[ 2526008ms] [WARNING] OTS parsing error: invalid sfntVersion: 1008821359 @ https://reactbits.dev/get-started/index:0
[ 2526236ms] [WARNING] Failed to decode downloaded font: https://reactbits.dev/assets/css/geist/dist/fonts/geist-sans/Geist-Variable.woff2 @ https://reactbits.dev/get-started/index:0
[ 2526236ms] [WARNING] OTS parsing error: invalid sfntVersion: 1008821359 @ https://reactbits.dev/get-started/index:0
[ 2526236ms] [WARNING] Failed to decode downloaded font: https://reactbits.dev/assets/css/geist/dist/fonts/geist-mono/GeistMono-Variable.woff2 @ https://reactbits.dev/get-started/index:0
[ 2526236ms] [WARNING] OTS parsing error: invalid sfntVersion: 1008821359 @ https://reactbits.dev/get-started/index:0
[ 2526236ms] [WARNING] Failed to decode downloaded font: https://reactbits.dev/assets/css/geist/dist/fonts/geist-pixel/GeistPixel-Line.woff2 @ https://reactbits.dev/get-started/index:0
[ 2526236ms] [WARNING] OTS parsing error: invalid sfntVersion: 1008821359 @ https://reactbits.dev/get-started/index:0
[ 2526457ms] [WARNING] Failed to decode downloaded font: https://reactbits.dev/assets/css/geist/dist/fonts/geist-sans/Geist-Variable.woff2 @ https://reactbits.dev/get-started/index:0
[ 2526458ms] [WARNING] OTS parsing error: invalid sfntVersion: 1008821359 @ https://reactbits.dev/get-started/index:0
[ 2526458ms] [WARNING] Failed to decode downloaded font: https://reactbits.dev/assets/css/geist/dist/fonts/geist-mono/GeistMono-Variable.woff2 @ https://reactbits.dev/get-started/index:0
[ 2526458ms] [WARNING] OTS parsing error: invalid sfntVersion: 1008821359 @ https://reactbits.dev/get-started/index:0
[ 2526458ms] [WARNING] Failed to decode downloaded font: https://reactbits.dev/assets/css/geist/dist/fonts/geist-pixel/GeistPixel-Line.woff2 @ https://reactbits.dev/get-started/index:0
[ 2526458ms] [WARNING] OTS parsing error: invalid sfntVersion: 1008821359 @ https://reactbits.dev/get-started/index:0
[ 2526803ms] [WARNING] Failed to decode downloaded font: https://reactbits.dev/assets/css/geist/dist/fonts/geist-sans/Geist-Variable.woff2 @ https://reactbits.dev/get-started/index:0
[ 2526803ms] [WARNING] OTS parsing error: invalid sfntVersion: 1008821359 @ https://reactbits.dev/get-started/index:0
[ 2526803ms] [WARNING] Failed to decode downloaded font: https://reactbits.dev/assets/css/geist/dist/fonts/geist-mono/GeistMono-Variable.woff2 @ https://reactbits.dev/get-started/index:0
[ 2526803ms] [WARNING] OTS parsing error: invalid sfntVersion: 1008821359 @ https://reactbits.dev/get-started/index:0
[ 2526803ms] [WARNING] Failed to decode downloaded font: https://reactbits.dev/assets/css/geist/dist/fonts/geist-pixel/GeistPixel-Line.woff2 @ https://reactbits.dev/get-started/index:0
[ 2526803ms] [WARNING] OTS parsing error: invalid sfntVersion: 1008821359 @ https://reactbits.dev/get-started/index:0
[ 2526987ms] [WARNING] Failed to decode downloaded font: https://reactbits.dev/assets/css/geist/dist/fonts/geist-sans/Geist-Variable.woff2 @ https://reactbits.dev/get-started/index:0
[ 2526987ms] [WARNING] OTS parsing error: invalid sfntVersion: 1008821359 @ https://reactbits.dev/get-started/index:0
[ 2526987ms] [WARNING] Failed to decode downloaded font: https://reactbits.dev/assets/css/geist/dist/fonts/geist-mono/GeistMono-Variable.woff2 @ https://reactbits.dev/get-started/index:0
[ 2526987ms] [WARNING] OTS parsing error: invalid sfntVersion: 1008821359 @ https://reactbits.dev/get-started/index:0
[ 2526987ms] [WARNING] Failed to decode downloaded font: https://reactbits.dev/assets/css/geist/dist/fonts/geist-pixel/GeistPixel-Line.woff2 @ https://reactbits.dev/get-started/index:0
[ 2526987ms] [WARNING] OTS parsing error: invalid sfntVersion: 1008821359 @ https://reactbits.dev/get-started/index:0
[ 2528236ms] [WARNING] Failed to decode downloaded font: https://reactbits.dev/assets/css/geist/dist/fonts/geist-sans/Geist-Variable.woff2 @ https://reactbits.dev/get-started/index:0
[ 2528236ms] [WARNING] OTS parsing error: invalid sfntVersion: 1008821359 @ https://reactbits.dev/get-started/index:0
[ 2528236ms] [WARNING] Failed to decode downloaded font: https://reactbits.dev/assets/css/geist/dist/fonts/geist-mono/GeistMono-Variable.woff2 @ https://reactbits.dev/get-started/index:0
[ 2528236ms] [WARNING] OTS parsing error: invalid sfntVersion: 1008821359 @ https://reactbits.dev/get-started/index:0
[ 2528236ms] [WARNING] Failed to decode downloaded font: https://reactbits.dev/assets/css/geist/dist/fonts/geist-pixel/GeistPixel-Line.woff2 @ https://reactbits.dev/get-started/index:0
[ 2528236ms] [WARNING] OTS parsing error: invalid sfntVersion: 1008821359 @ https://reactbits.dev/get-started/index:0
[ 2530836ms] [WARNING] Failed to decode downloaded font: https://reactbits.dev/assets/css/geist/dist/fonts/geist-sans/Geist-Variable.woff2 @ https://reactbits.dev/get-started/index:0
[ 2530836ms] [WARNING] OTS parsing error: invalid sfntVersion: 1008821359 @ https://reactbits.dev/get-started/index:0
[ 2530837ms] [WARNING] Failed to decode downloaded font: https://reactbits.dev/assets/css/geist/dist/fonts/geist-mono/GeistMono-Variable.woff2 @ https://reactbits.dev/get-started/index:0
[ 2530837ms] [WARNING] OTS parsing error: invalid sfntVersion: 1008821359 @ https://reactbits.dev/get-started/index:0
[ 2530837ms] [WARNING] Failed to decode downloaded font: https://reactbits.dev/assets/css/geist/dist/fonts/geist-pixel/GeistPixel-Line.woff2 @ https://reactbits.dev/get-started/index:0
[ 2530837ms] [WARNING] OTS parsing error: invalid sfntVersion: 1008821359 @ https://reactbits.dev/get-started/index:0
[ 2531036ms] [WARNING] Failed to decode downloaded font: https://reactbits.dev/assets/css/geist/dist/fonts/geist-sans/Geist-Variable.woff2 @ https://reactbits.dev/get-started/index:0
[ 2531036ms] [WARNING] OTS parsing error: invalid sfntVersion: 1008821359 @ https://reactbits.dev/get-started/index:0
[ 2531036ms] [WARNING] Failed to decode downloaded font: https://reactbits.dev/assets/css/geist/dist/fonts/geist-mono/GeistMono-Variable.woff2 @ https://reactbits.dev/get-started/index:0
[ 2531036ms] [WARNING] OTS parsing error: invalid sfntVersion: 1008821359 @ https://reactbits.dev/get-started/index:0
[ 2531036ms] [WARNING] Failed to decode downloaded font: https://reactbits.dev/assets/css/geist/dist/fonts/geist-pixel/GeistPixel-Line.woff2 @ https://reactbits.dev/get-started/index:0
[ 2531036ms] [WARNING] OTS parsing error: invalid sfntVersion: 1008821359 @ https://reactbits.dev/get-started/index:0
[ 2531204ms] [WARNING] Failed to decode downloaded font: https://reactbits.dev/assets/css/geist/dist/fonts/geist-sans/Geist-Variable.woff2 @ https://reactbits.dev/get-started/index:0
[ 2531204ms] [WARNING] OTS parsing error: invalid sfntVersion: 1008821359 @ https://reactbits.dev/get-started/index:0
[ 2531205ms] [WARNING] Failed to decode downloaded font: https://reactbits.dev/assets/css/geist/dist/fonts/geist-mono/GeistMono-Variable.woff2 @ https://reactbits.dev/get-started/index:0
[ 2531205ms] [WARNING] OTS parsing error: invalid sfntVersion: 1008821359 @ https://reactbits.dev/get-started/index:0
[ 2531205ms] [WARNING] Failed to decode downloaded font: https://reactbits.dev/assets/css/geist/dist/fonts/geist-pixel/GeistPixel-Line.woff2 @ https://reactbits.dev/get-started/index:0
[ 2531205ms] [WARNING] OTS parsing error: invalid sfntVersion: 1008821359 @ https://reactbits.dev/get-started/index:0
[ 2531324ms] [WARNING] Failed to decode downloaded font: https://reactbits.dev/assets/css/geist/dist/fonts/geist-sans/Geist-Variable.woff2 @ https://reactbits.dev/get-started/index:0
[ 2531324ms] [WARNING] OTS parsing error: invalid sfntVersion: 1008821359 @ https://reactbits.dev/get-started/index:0
[ 2531324ms] [WARNING] Failed to decode downloaded font: https://reactbits.dev/assets/css/geist/dist/fonts/geist-mono/GeistMono-Variable.woff2 @ https://reactbits.dev/get-started/index:0
[ 2531324ms] [WARNING] OTS parsing error: invalid sfntVersion: 1008821359 @ https://reactbits.dev/get-started/index:0
[ 2531324ms] [WARNING] Failed to decode downloaded font: https://reactbits.dev/assets/css/geist/dist/fonts/geist-pixel/GeistPixel-Line.woff2 @ https://reactbits.dev/get-started/index:0
[ 2531324ms] [WARNING] OTS parsing error: invalid sfntVersion: 1008821359 @ https://reactbits.dev/get-started/index:0
[ 2531372ms] [WARNING] Failed to decode downloaded font: https://reactbits.dev/assets/css/geist/dist/fonts/geist-sans/Geist-Variable.woff2 @ https://reactbits.dev/get-started/index:0
[ 2531372ms] [WARNING] OTS parsing error: invalid sfntVersion: 1008821359 @ https://reactbits.dev/get-started/index:0
[ 2531372ms] [WARNING] Failed to decode downloaded font: https://reactbits.dev/assets/css/geist/dist/fonts/geist-mono/GeistMono-Variable.woff2 @ https://reactbits.dev/get-started/index:0
[ 2531372ms] [WARNING] OTS parsing error: invalid sfntVersion: 1008821359 @ https://reactbits.dev/get-started/index:0
[ 2531372ms] [WARNING] Failed to decode downloaded font: https://reactbits.dev/assets/css/geist/dist/fonts/geist-pixel/GeistPixel-Line.woff2 @ https://reactbits.dev/get-started/index:0
[ 2531372ms] [WARNING] OTS parsing error: invalid sfntVersion: 1008821359 @ https://reactbits.dev/get-started/index:0
[ 2532054ms] [WARNING] Failed to decode downloaded font: https://reactbits.dev/assets/css/geist/dist/fonts/geist-sans/Geist-Variable.woff2 @ https://reactbits.dev/get-started/index:0
[ 2532054ms] [WARNING] OTS parsing error: invalid sfntVersion: 1008821359 @ https://reactbits.dev/get-started/index:0
[ 2532054ms] [WARNING] Failed to decode downloaded font: https://reactbits.dev/assets/css/geist/dist/fonts/geist-mono/GeistMono-Variable.woff2 @ https://reactbits.dev/get-started/index:0
[ 2532054ms] [WARNING] OTS parsing error: invalid sfntVersion: 1008821359 @ https://reactbits.dev/get-started/index:0
[ 2532054ms] [WARNING] Failed to decode downloaded font: https://reactbits.dev/assets/css/geist/dist/fonts/geist-pixel/GeistPixel-Line.woff2 @ https://reactbits.dev/get-started/index:0
[ 2532054ms] [WARNING] OTS parsing error: invalid sfntVersion: 1008821359 @ https://reactbits.dev/get-started/index:0
[ 2532086ms] [WARNING] Failed to decode downloaded font: https://reactbits.dev/assets/css/geist/dist/fonts/geist-sans/Geist-Variable.woff2 @ https://reactbits.dev/get-started/index:0
[ 2532086ms] [WARNING] OTS parsing error: invalid sfntVersion: 1008821359 @ https://reactbits.dev/get-started/index:0
[ 2532086ms] [WARNING] Failed to decode downloaded font: https://reactbits.dev/assets/css/geist/dist/fonts/geist-mono/GeistMono-Variable.woff2 @ https://reactbits.dev/get-started/index:0
[ 2532086ms] [WARNING] OTS parsing error: invalid sfntVersion: 1008821359 @ https://reactbits.dev/get-started/index:0
[ 2532086ms] [WARNING] Failed to decode downloaded font: https://reactbits.dev/assets/css/geist/dist/fonts/geist-pixel/GeistPixel-Line.woff2 @ https://reactbits.dev/get-started/index:0
[ 2532086ms] [WARNING] OTS parsing error: invalid sfntVersion: 1008821359 @ https://reactbits.dev/get-started/index:0
[ 2532103ms] [WARNING] Failed to decode downloaded font: https://reactbits.dev/assets/css/geist/dist/fonts/geist-sans/Geist-Variable.woff2 @ https://reactbits.dev/get-started/index:0
[ 2532103ms] [WARNING] OTS parsing error: invalid sfntVersion: 1008821359 @ https://reactbits.dev/get-started/index:0
[ 2532103ms] [WARNING] Failed to decode downloaded font: https://reactbits.dev/assets/css/geist/dist/fonts/geist-mono/GeistMono-Variable.woff2 @ https://reactbits.dev/get-started/index:0
[ 2532103ms] [WARNING] OTS parsing error: invalid sfntVersion: 1008821359 @ https://reactbits.dev/get-started/index:0
[ 2532103ms] [WARNING] Failed to decode downloaded font: https://reactbits.dev/assets/css/geist/dist/fonts/geist-pixel/GeistPixel-Line.woff2 @ https://reactbits.dev/get-started/index:0
[ 2532103ms] [WARNING] OTS parsing error: invalid sfntVersion: 1008821359 @ https://reactbits.dev/get-started/index:0
[ 2532138ms] [WARNING] Failed to decode downloaded font: https://reactbits.dev/assets/css/geist/dist/fonts/geist-sans/Geist-Variable.woff2 @ https://reactbits.dev/get-started/index:0
[ 2532138ms] [WARNING] OTS parsing error: invalid sfntVersion: 1008821359 @ https://reactbits.dev/get-started/index:0
[ 2532138ms] [WARNING] Failed to decode downloaded font: https://reactbits.dev/assets/css/geist/dist/fonts/geist-mono/GeistMono-Variable.woff2 @ https://reactbits.dev/get-started/index:0
[ 2532138ms] [WARNING] OTS parsing error: invalid sfntVersion: 1008821359 @ https://reactbits.dev/get-started/index:0
[ 2532138ms] [WARNING] Failed to decode downloaded font: https://reactbits.dev/assets/css/geist/dist/fonts/geist-pixel/GeistPixel-Line.woff2 @ https://reactbits.dev/get-started/index:0
[ 2532138ms] [WARNING] OTS parsing error: invalid sfntVersion: 1008821359 @ https://reactbits.dev/get-started/index:0
[ 2532159ms] [WARNING] Failed to decode downloaded font: https://reactbits.dev/assets/css/geist/dist/fonts/geist-sans/Geist-Variable.woff2 @ https://reactbits.dev/get-started/index:0
[ 2532159ms] [WARNING] OTS parsing error: invalid sfntVersion: 1008821359 @ https://reactbits.dev/get-started/index:0
[ 2532159ms] [WARNING] Failed to decode downloaded font: https://reactbits.dev/assets/css/geist/dist/fonts/geist-mono/GeistMono-Variable.woff2 @ https://reactbits.dev/get-started/index:0
[ 2532159ms] [WARNING] OTS parsing error: invalid sfntVersion: 1008821359 @ https://reactbits.dev/get-started/index:0
[ 2532159ms] [WARNING] Failed to decode downloaded font: https://reactbits.dev/assets/css/geist/dist/fonts/geist-pixel/GeistPixel-Line.woff2 @ https://reactbits.dev/get-started/index:0
[ 2532159ms] [WARNING] OTS parsing error: invalid sfntVersion: 1008821359 @ https://reactbits.dev/get-started/index:0
[ 2532666ms] [WARNING] Failed to decode downloaded font: https://reactbits.dev/assets/css/geist/dist/fonts/geist-sans/Geist-Variable.woff2 @ https://reactbits.dev/get-started/index:0
[ 2532666ms] [WARNING] OTS parsing error: invalid sfntVersion: 1008821359 @ https://reactbits.dev/get-started/index:0
[ 2532666ms] [WARNING] Failed to decode downloaded font: https://reactbits.dev/assets/css/geist/dist/fonts/geist-mono/GeistMono-Variable.woff2 @ https://reactbits.dev/get-started/index:0
[ 2532666ms] [WARNING] OTS parsing error: invalid sfntVersion: 1008821359 @ https://reactbits.dev/get-started/index:0
[ 2532667ms] [WARNING] Failed to decode downloaded font: https://reactbits.dev/assets/css/geist/dist/fonts/geist-pixel/GeistPixel-Line.woff2 @ https://reactbits.dev/get-started/index:0
[ 2532667ms] [WARNING] OTS parsing error: invalid sfntVersion: 1008821359 @ https://reactbits.dev/get-started/index:0
[ 2532785ms] [WARNING] Failed to decode downloaded font: https://reactbits.dev/assets/css/geist/dist/fonts/geist-sans/Geist-Variable.woff2 @ https://reactbits.dev/get-started/index:0
[ 2532785ms] [WARNING] OTS parsing error: invalid sfntVersion: 1008821359 @ https://reactbits.dev/get-started/index:0
[ 2532785ms] [WARNING] Failed to decode downloaded font: https://reactbits.dev/assets/css/geist/dist/fonts/geist-mono/GeistMono-Variable.woff2 @ https://reactbits.dev/get-started/index:0
[ 2532786ms] [WARNING] OTS parsing error: invalid sfntVersion: 1008821359 @ https://reactbits.dev/get-started/index:0
[ 2532786ms] [WARNING] Failed to decode downloaded font: https://reactbits.dev/assets/css/geist/dist/fonts/geist-pixel/GeistPixel-Line.woff2 @ https://reactbits.dev/get-started/index:0
[ 2532786ms] [WARNING] OTS parsing error: invalid sfntVersion: 1008821359 @ https://reactbits.dev/get-started/index:0
[ 2532929ms] [WARNING] Failed to decode downloaded font: https://reactbits.dev/assets/css/geist/dist/fonts/geist-sans/Geist-Variable.woff2 @ https://reactbits.dev/assets/index-Tm2Qixjz.js:209
[ 2532929ms] [WARNING] OTS parsing error: invalid sfntVersion: 1008821359 @ https://reactbits.dev/assets/index-Tm2Qixjz.js:209
[ 2532930ms] [WARNING] Failed to decode downloaded font: https://reactbits.dev/assets/css/geist/dist/fonts/geist-mono/GeistMono-Variable.woff2 @ https://reactbits.dev/assets/index-Tm2Qixjz.js:209
[ 2532930ms] [WARNING] OTS parsing error: invalid sfntVersion: 1008821359 @ https://reactbits.dev/assets/index-Tm2Qixjz.js:209
[ 2532930ms] [WARNING] Failed to decode downloaded font: https://reactbits.dev/assets/css/geist/dist/fonts/geist-pixel/GeistPixel-Line.woff2 @ https://reactbits.dev/assets/index-Tm2Qixjz.js:209
[ 2532930ms] [WARNING] OTS parsing error: invalid sfntVersion: 1008821359 @ https://reactbits.dev/assets/index-Tm2Qixjz.js:209
[ 2535912ms] [WARNING] Failed to decode downloaded font: https://reactbits.dev/assets/css/geist/dist/fonts/geist-sans/Geist-Variable.woff2 @ https://reactbits.dev/assets/useComponentProps-BEunjicu.js:24
[ 2535913ms] [WARNING] OTS parsing error: invalid sfntVersion: 1008821359 @ https://reactbits.dev/assets/useComponentProps-BEunjicu.js:24
[ 2535913ms] [WARNING] Failed to decode downloaded font: https://reactbits.dev/assets/css/geist/dist/fonts/geist-mono/GeistMono-Variable.woff2 @ https://reactbits.dev/assets/useComponentProps-BEunjicu.js:24
[ 2535914ms] [WARNING] OTS parsing error: invalid sfntVersion: 1008821359 @ https://reactbits.dev/assets/useComponentProps-BEunjicu.js:24
[ 2535914ms] [WARNING] Failed to decode downloaded font: https://reactbits.dev/assets/css/geist/dist/fonts/geist-pixel/GeistPixel-Line.woff2 @ https://reactbits.dev/assets/useComponentProps-BEunjicu.js:24
[ 2535914ms] [WARNING] OTS parsing error: invalid sfntVersion: 1008821359 @ https://reactbits.dev/assets/useComponentProps-BEunjicu.js:24
